This is pdfTeX, Version 3.14159265-2.6-1.40.20 (TeX Live 2019) (preloaded format=pdflatex 2019.11.27)  22 FEB 2020 22:54
entering extended mode
 restricted \write18 enabled.
 file:line:error style messages enabled.
 %&-line parsing enabled.
**username.tex
(./username.tex
LaTeX2e <2019-10-01>
(./woosterthesis.cls
Document Class: woosterthesis 2006/11/03 v4.2.1 Wooster IS LaTeX document class
 by Dr. Jon Breitenbucher
(/usr/local/texlive/2019basic/texmf-dist/tex/generic/oberdiek/ifpdf.sty
Package: ifpdf 2018/09/07 v3.3 Provides the ifpdf switch
)
(/usr/local/texlive/2019basic/texmf-dist/tex/generic/ifxetex/ifxetex.sty
Package: ifxetex 2010/09/12 v0.6 Provides ifxetex conditional
)
(/usr/local/texlive/2019basic/texmf-dist/tex/latex/textpos/textpos.sty
Package: textpos 2019/04/15 v1.9.1

Package: textpos 2019/04/15 1.9.1, absolute positioning of text on the page
(/usr/local/texlive/2019basic/texmf-dist/tex/latex/graphics/keyval.sty
Package: keyval 2014/10/28 v1.15 key=value parser (DPC)
\KV@toks@=\toks14
)
\TP@textbox=\box27
\TPHorizModule=\dimen102
\TPVertModule=\dimen103
\TP@margin=\dimen104
\TP@absmargin=\dimen105

Grid set 16 x 16 = 38.39343pt x 49.68562pt
\TPboxrulesize=\dimen106
\TP@tbargs=\toks15
\TP@prevdepth=\dimen107
) (/usr/local/texlive/2019basic/texmf-dist/tex/latex/amscls/amsthm.sty
Package: amsthm 2017/10/31 v2.20.4
\thm@style=\toks16
\thm@bodyfont=\toks17
\thm@headfont=\toks18
\thm@notefont=\toks19
\thm@headpunct=\toks20
\thm@preskip=\skip41
\thm@postskip=\skip42
\thm@headsep=\skip43
\dth@everypar=\toks21
)
(/usr/local/texlive/2019basic/texmf-dist/tex/latex/amsfonts/amssymb.sty
Package: amssymb 2013/01/14 v3.01 AMS font symbols

(/usr/local/texlive/2019basic/texmf-dist/tex/latex/amsfonts/amsfonts.sty
Package: amsfonts 2013/01/14 v3.01 Basic AMSFonts support
\@emptytoks=\toks22
\symAMSa=\mathgroup4
\symAMSb=\mathgroup5
LaTeX Font Info:    Redeclaring math symbol \hbar on input line 98.
LaTeX Font Info:    Overwriting math alphabet `\mathfrak' in version `bold'
(Font)                  U/euf/m/n --> U/euf/b/n on input line 106.
))
(/usr/local/texlive/2019basic/texmf-dist/tex/latex/amsmath/amsmath.sty
Package: amsmath 2019/04/01 v2.17c AMS math features
\@mathmargin=\skip44

For additional information on amsmath, use the `?' option.
(/usr/local/texlive/2019basic/texmf-dist/tex/latex/amsmath/amstext.sty
Package: amstext 2000/06/29 v2.01 AMS text

(/usr/local/texlive/2019basic/texmf-dist/tex/latex/amsmath/amsgen.sty
File: amsgen.sty 1999/11/30 v2.0 generic functions
\@emptytoks=\toks23
\ex@=\dimen108
))
(/usr/local/texlive/2019basic/texmf-dist/tex/latex/amsmath/amsbsy.sty
Package: amsbsy 1999/11/29 v1.2d Bold Symbols
\pmbraise@=\dimen109
)
(/usr/local/texlive/2019basic/texmf-dist/tex/latex/amsmath/amsopn.sty
Package: amsopn 2016/03/08 v2.02 operator names
)
\inf@bad=\count80
LaTeX Info: Redefining \frac on input line 227.
\uproot@=\count81
\leftroot@=\count82
LaTeX Info: Redefining \overline on input line 389.
\classnum@=\count83
\DOTSCASE@=\count84
LaTeX Info: Redefining \ldots on input line 486.
LaTeX Info: Redefining \dots on input line 489.
LaTeX Info: Redefining \cdots on input line 610.
\Mathstrutbox@=\box28
\strutbox@=\box29
\big@size=\dimen110
LaTeX Font Info:    Redeclaring font encoding OML on input line 733.
LaTeX Font Info:    Redeclaring font encoding OMS on input line 734.
\macc@depth=\count85
\c@MaxMatrixCols=\count86
\dotsspace@=\muskip10
\c@parentequation=\count87
\dspbrk@lvl=\count88
\tag@help=\toks24
\row@=\count89
\column@=\count90
\maxfields@=\count91
\andhelp@=\toks25
\eqnshift@=\dimen111
\alignsep@=\dimen112
\tagshift@=\dimen113
\tagwidth@=\dimen114
\totwidth@=\dimen115
\lineht@=\dimen116
\@envbody=\toks26
\multlinegap=\skip45
\multlinetaggap=\skip46
\mathdisplay@stack=\toks27
LaTeX Info: Redefining \[ on input line 2855.
LaTeX Info: Redefining \] on input line 2856.
)
(/usr/local/texlive/2019basic/texmf-dist/tex/latex/setspace/setspace.sty
Package: setspace 2011/12/19 v6.7a set line spacing
)
(/usr/local/texlive/2019basic/texmf-dist/tex/latex/fancyhdr/fancyhdr.sty
Package: fancyhdr 2019/01/31 v3.10 Extensive control of page headers and footer
s
\f@nch@headwidth=\skip47
\f@nch@O@elh=\skip48
\f@nch@O@erh=\skip49
\f@nch@O@olh=\skip50
\f@nch@O@orh=\skip51
\f@nch@O@elf=\skip52
\f@nch@O@erf=\skip53
\f@nch@O@olf=\skip54
\f@nch@O@orf=\skip55
)
(/usr/local/texlive/2019basic/texmf-dist/tex/latex/graphics/graphicx.sty
Package: graphicx 2017/06/01 v1.1a Enhanced LaTeX Graphics (DPC,SPQR)

(/usr/local/texlive/2019basic/texmf-dist/tex/latex/graphics/graphics.sty
Package: graphics 2019/07/20 v1.3b Standard LaTeX Graphics (DPC,SPQR)

(/usr/local/texlive/2019basic/texmf-dist/tex/latex/graphics/trig.sty
Package: trig 2016/01/03 v1.10 sin cos tan (DPC)
)
(/usr/local/texlive/2019basic/texmf-dist/tex/latex/graphics-cfg/graphics.cfg
File: graphics.cfg 2016/06/04 v1.11 sample graphics configuration
)
Package graphics Info: Driver file: pdftex.def on input line 105.

(/usr/local/texlive/2019basic/texmf-dist/tex/latex/graphics-def/pdftex.def
File: pdftex.def 2018/01/08 v1.0l Graphics/color driver for pdftex
))
\Gin@req@height=\dimen117
\Gin@req@width=\dimen118
)
(/usr/local/texlive/2019basic/texmf-dist/tex/latex/eso-pic/eso-pic.sty
Package: eso-pic 2018/04/12 v2.0h eso-pic (RN)

(/usr/local/texlive/2019basic/texmf-dist/tex/generic/oberdiek/atbegshi.sty
Package: atbegshi 2016/06/09 v1.18 At begin shipout hook (HO)

(/usr/local/texlive/2019basic/texmf-dist/tex/generic/oberdiek/infwarerr.sty
Package: infwarerr 2016/05/16 v1.4 Providing info/warning/error messages (HO)
)
(/usr/local/texlive/2019basic/texmf-dist/tex/generic/oberdiek/ltxcmds.sty
Package: ltxcmds 2016/05/16 v1.23 LaTeX kernel commands for general use (HO)
))
(/usr/local/texlive/2019basic/texmf-dist/tex/latex/xcolor/xcolor.sty
Package: xcolor 2016/05/11 v2.12 LaTeX color extensions (UK)

(/usr/local/texlive/2019basic/texmf-dist/tex/latex/graphics-cfg/color.cfg
File: color.cfg 2016/01/02 v1.6 sample color configuration
)
Package xcolor Info: Driver file: pdftex.def on input line 225.
Package xcolor Info: Model `cmy' substituted by `cmy0' on input line 1348.
Package xcolor Info: Model `hsb' substituted by `rgb' on input line 1352.
Package xcolor Info: Model `RGB' extended on input line 1364.
Package xcolor Info: Model `HTML' substituted by `rgb' on input line 1366.
Package xcolor Info: Model `Hsb' substituted by `hsb' on input line 1367.
Package xcolor Info: Model `tHsb' substituted by `hsb' on input line 1368.
Package xcolor Info: Model `HSB' substituted by `hsb' on input line 1369.
Package xcolor Info: Model `Gray' substituted by `gray' on input line 1370.
Package xcolor Info: Model `wave' substituted by `hsb' on input line 1371.
))
(./woo10.clo
File: woo10.clo 2004/02/16 v1.4f Standard LaTeX file (size option)
)
(/usr/local/texlive/2019basic/texmf-dist/tex/latex/geometry/geometry.sty
Package: geometry 2018/04/16 v5.8 Page Geometry

(/usr/local/texlive/2019basic/texmf-dist/tex/generic/oberdiek/ifvtex.sty
Package: ifvtex 2016/05/16 v1.6 Detect VTeX and its facilities (HO)
Package ifvtex Info: VTeX not detected.
)
\Gm@cnth=\count92
\Gm@cntv=\count93
\c@Gm@tempcnt=\count94
\Gm@bindingoffset=\dimen119
\Gm@wd@mp=\dimen120
\Gm@odd@mp=\dimen121
\Gm@even@mp=\dimen122
\Gm@layoutwidth=\dimen123
\Gm@layoutheight=\dimen124
\Gm@layouthoffset=\dimen125
\Gm@layoutvoffset=\dimen126
\Gm@dimlist=\toks28
)
\c@part=\count95
\c@chapter=\count96
\c@section=\count97
\c@subsection=\count98
\c@subsubsection=\count99
\c@paragraph=\count100
\c@subparagraph=\count101
\c@figure=\count102
\c@table=\count103
\abovecaptionskip=\skip56
\belowcaptionskip=\skip57

(/usr/local/texlive/2019basic/texmf-dist/tex/latex/listings/listings.sty
\lst@mode=\count104
\lst@gtempboxa=\box30
\lst@token=\toks29
\lst@length=\count105
\lst@currlwidth=\dimen127
\lst@column=\count106
\lst@pos=\count107
\lst@lostspace=\dimen128
\lst@width=\dimen129
\lst@newlines=\count108
\lst@lineno=\count109
\lst@maxwidth=\dimen130

(/usr/local/texlive/2019basic/texmf-dist/tex/latex/listings/lstmisc.sty
File: lstmisc.sty 2019/09/10 1.8c (Carsten Heinz)
\c@lstnumber=\count110
\lst@skipnumbers=\count111
\lst@framebox=\box31
)
(/usr/local/texlive/2019basic/texmf-dist/tex/latex/listings/listings.cfg
File: listings.cfg 2019/09/10 1.8c listings configuration
))
Package: listings 2019/09/10 1.8c (Carsten Heinz)
\bibindent=\dimen131

(/usr/local/texlive/2019basic/texmf-dist/tex/latex/base/ifthen.sty
Package: ifthen 2014/09/29 v1.1c Standard LaTeX ifthen package (DPC)
)
(/usr/local/texlive/2019basic/texmf-dist/tex/latex/natbib/natbib.sty
Package: natbib 2010/09/13 8.31b (PWD, AO)
\bibhang=\skip58
\bibsep=\skip59
LaTeX Info: Redefining \cite on input line 694.
\c@NAT@ctr=\count112
)
(/usr/local/texlive/2019basic/texmf-dist/tex/latex/base/makeidx.sty
Package: makeidx 2014/09/29 v1.0m Standard LaTeX package
)
(/usr/local/texlive/2019basic/texmf-dist/tex/latex/tools/verbatim.sty
Package: verbatim 2014/10/28 v1.5q LaTeX2e package for verbatim enhancements
\every@verbatim=\toks30
\verbatim@line=\toks31
\verbatim@in@stream=\read1
)
(/usr/local/texlive/2019basic/texmf-dist/tex/latex/lettrine/lettrine.sty
File: lettrine.sty 2019-04-06 v2.22 (Daniel Flipo)

(/usr/local/texlive/2019basic/texmf-dist/tex/generic/minifp/minifp.sty
Package: minifp 2013/12/30 v0.96. Macros for real number operations and a stack
-based programing language.
\MFP@loopctr=\count113
)
\c@DefaultLines=\count114
\c@DefaultDepth=\count115
\DefaultFindent=\dimen132
\DefaultNindent=\dimen133
\DefaultSlope=\dimen134
\DiscardVskip=\dimen135
\L@lbox=\box32
\L@tbox=\box33
\c@L@lines=\count116
\c@L@depth=\count117
\L@Pindent=\dimen136
\L@Findent=\dimen137
\L@Nindent=\dimen138
\L@lraise=\dimen139
\L@first=\dimen140
\L@next=\dimen141
\L@slope=\dimen142
\L@height=\dimen143
\L@novskip=\dimen144
\L@target@ht=\dimen145
\L@target@dp=\dimen146
\L@target@tht=\dimen147
\LettrineWidth=\dimen148
\LettrineHeight=\dimen149
\LettrineDepth=\dimen150
\Llist@everypar=\toks32

Loading lettrine.cfg
(/usr/local/texlive/2019basic/texmf-dist/tex/latex/lettrine/lettrine.cfg))
(./styles/woofncychap.sty
Package: styles/woofncychap 2004/03/26 v1.0 LaTeX package (Revised chapters) an
 alteration of fncychap by Jon Breitenbucher
\RW=\skip60
\mylen=\skip61
\myhi=\skip62
\px=\skip63
\py=\skip64
\pyy=\skip65
\pxx=\skip66
) (./styles/woolshort.sty
Package: styles/woolshort 

(/usr/local/texlive/2019basic/texmf-dist/tex/latex/tools/calc.sty
Package: calc 2017/05/25 v4.3 Infix arithmetic (KKT,FJ)
\calc@Acount=\count118
\calc@Bcount=\count119
\calc@Adimen=\dimen151
\calc@Bdimen=\dimen152
\calc@Askip=\skip67
\calc@Bskip=\skip68
LaTeX Info: Redefining \setlength on input line 80.
LaTeX Info: Redefining \addtolength on input line 81.
\calc@Ccount=\count120
\calc@Cskip=\skip69
)
\symbbox=\box34

(/usr/local/texlive/2019basic/texmf-dist/tex/latex/amsfonts/eucal.sty
Package: eucal 2009/06/22 v3.00 Euler Script fonts
LaTeX Font Info:    Overwriting math alphabet `\EuScript' in version `bold'
(Font)                  U/eus/m/n --> U/eus/b/n on input line 33.
)
(/usr/local/texlive/2019basic/texmf-dist/tex/latex/amsfonts/eufrak.sty

Package eufrak Warning: The eufrak package is redundant if the amsfonts package
 is used on input line 36.

)
\example@out=\write3
\c@exacnt=\count121
\savefboxrule=\skip70
\savefboxsep=\skip71
\outdent=\skip72
) (/usr/local/texlive/2019basic/texmf-dist/tex/latex/base/fontenc.sty
Package: fontenc 2018/08/11 v2.0j Standard LaTeX package

(/usr/local/texlive/2019basic/texmf-dist/tex/latex/base/t1enc.def
File: t1enc.def 2018/08/11 v2.0j Standard LaTeX file
LaTeX Font Info:    Redeclaring font encoding T1 on input line 48.
))
(/usr/local/texlive/2019basic/texmf-dist/tex/latex/pxfonts/pxfonts.sty
Package: pxfonts 2008/01/22 v1.1.1
LaTeX Font Info:    Redeclaring symbol font `operators' on input line 21.
LaTeX Font Info:    Overwriting symbol font `operators' in version `normal'
(Font)                  OT1/cmr/m/n --> OT1/pxr/m/n on input line 21.
LaTeX Font Info:    Overwriting symbol font `operators' in version `bold'
(Font)                  OT1/cmr/bx/n --> OT1/pxr/m/n on input line 21.
LaTeX Font Info:    Overwriting symbol font `operators' in version `bold'
(Font)                  OT1/pxr/m/n --> OT1/pxr/bx/n on input line 22.
\symitalic=\mathgroup6
LaTeX Font Info:    Overwriting symbol font `italic' in version `bold'
(Font)                  OT1/pxr/m/it --> OT1/pxr/bx/it on input line 26.
LaTeX Font Info:    Redeclaring math alphabet \mathbf on input line 29.
LaTeX Font Info:    Overwriting math alphabet `\mathbf' in version `normal'
(Font)                  OT1/cmr/bx/n --> OT1/pxr/bx/n on input line 29.
LaTeX Font Info:    Overwriting math alphabet `\mathbf' in version `bold'
(Font)                  OT1/cmr/bx/n --> OT1/pxr/bx/n on input line 29.
LaTeX Font Info:    Redeclaring math alphabet \mathit on input line 30.
LaTeX Font Info:    Overwriting math alphabet `\mathit' in version `normal'
(Font)                  OT1/cmr/m/it --> OT1/pxr/m/it on input line 30.
LaTeX Font Info:    Overwriting math alphabet `\mathit' in version `bold'
(Font)                  OT1/cmr/bx/it --> OT1/pxr/m/it on input line 30.
LaTeX Font Info:    Overwriting math alphabet `\mathit' in version `bold'
(Font)                  OT1/pxr/m/it --> OT1/pxr/bx/it on input line 31.
LaTeX Font Info:    Redeclaring math alphabet \mathsf on input line 40.
LaTeX Font Info:    Overwriting math alphabet `\mathsf' in version `normal'
(Font)                  OT1/cmss/m/n --> OT1/pxss/m/n on input line 40.
LaTeX Font Info:    Overwriting math alphabet `\mathsf' in version `bold'
(Font)                  OT1/cmss/bx/n --> OT1/pxss/m/n on input line 40.
LaTeX Font Info:    Overwriting math alphabet `\mathsf' in version `bold'
(Font)                  OT1/pxss/m/n --> OT1/pxss/b/n on input line 41.
LaTeX Font Info:    Redeclaring math alphabet \mathtt on input line 50.
LaTeX Font Info:    Overwriting math alphabet `\mathtt' in version `normal'
(Font)                  OT1/cmtt/m/n --> OT1/pxtt/m/n on input line 50.
LaTeX Font Info:    Overwriting math alphabet `\mathtt' in version `bold'
(Font)                  OT1/cmtt/m/n --> OT1/pxtt/m/n on input line 50.
LaTeX Font Info:    Overwriting math alphabet `\mathtt' in version `bold'
(Font)                  OT1/pxtt/m/n --> OT1/pxtt/b/n on input line 51.
LaTeX Font Info:    Redeclaring symbol font `letters' on input line 58.
LaTeX Font Info:    Overwriting symbol font `letters' in version `normal'
(Font)                  OML/cmm/m/it --> OML/pxmi/m/it on input line 58.
LaTeX Font Info:    Overwriting symbol font `letters' in version `bold'
(Font)                  OML/cmm/b/it --> OML/pxmi/m/it on input line 58.
LaTeX Font Info:    Overwriting symbol font `letters' in version `bold'
(Font)                  OML/pxmi/m/it --> OML/pxmi/bx/it on input line 59.
\symlettersA=\mathgroup7
LaTeX Font Info:    Overwriting symbol font `lettersA' in version `bold'
(Font)                  U/pxmia/m/it --> U/pxmia/bx/it on input line 67.
LaTeX Font Info:    Redeclaring math alphabet \mathfrak on input line 70.
LaTeX Font Info:    Redeclaring symbol font `symbols' on input line 77.
LaTeX Font Info:    Overwriting symbol font `symbols' in version `normal'
(Font)                  OMS/cmsy/m/n --> OMS/pxsy/m/n on input line 77.
LaTeX Font Info:    Overwriting symbol font `symbols' in version `bold'
(Font)                  OMS/cmsy/b/n --> OMS/pxsy/m/n on input line 77.
LaTeX Font Info:    Overwriting symbol font `symbols' in version `bold'
(Font)                  OMS/pxsy/m/n --> OMS/pxsy/bx/n on input line 78.
LaTeX Font Info:    Redeclaring symbol font `AMSa' on input line 93.
LaTeX Font Info:    Overwriting symbol font `AMSa' in version `normal'
(Font)                  U/msa/m/n --> U/pxsya/m/n on input line 93.
LaTeX Font Info:    Overwriting symbol font `AMSa' in version `bold'
(Font)                  U/msa/m/n --> U/pxsya/m/n on input line 93.
LaTeX Font Info:    Overwriting symbol font `AMSa' in version `bold'
(Font)                  U/pxsya/m/n --> U/pxsya/bx/n on input line 94.
LaTeX Font Info:    Redeclaring symbol font `AMSb' on input line 102.
LaTeX Font Info:    Overwriting symbol font `AMSb' in version `normal'
(Font)                  U/msb/m/n --> U/pxsyb/m/n on input line 102.
LaTeX Font Info:    Overwriting symbol font `AMSb' in version `bold'
(Font)                  U/msb/m/n --> U/pxsyb/m/n on input line 102.
LaTeX Font Info:    Overwriting symbol font `AMSb' in version `bold'
(Font)                  U/pxsyb/m/n --> U/pxsyb/bx/n on input line 103.
\symsymbolsC=\mathgroup8
LaTeX Font Info:    Overwriting symbol font `symbolsC' in version `bold'
(Font)                  U/pxsyc/m/n --> U/pxsyc/bx/n on input line 113.
LaTeX Font Info:    Redeclaring symbol font `largesymbols' on input line 120.
LaTeX Font Info:    Overwriting symbol font `largesymbols' in version `normal'
(Font)                  OMX/cmex/m/n --> OMX/pxex/m/n on input line 120.
LaTeX Font Info:    Overwriting symbol font `largesymbols' in version `bold'
(Font)                  OMX/cmex/m/n --> OMX/pxex/m/n on input line 120.
LaTeX Font Info:    Overwriting symbol font `largesymbols' in version `bold'
(Font)                  OMX/pxex/m/n --> OMX/pxex/bx/n on input line 121.
\symlargesymbolsA=\mathgroup9
LaTeX Font Info:    Overwriting symbol font `largesymbolsA' in version `bold'
(Font)                  U/pxexa/m/n --> U/pxexa/bx/n on input line 129.
LaTeX Font Info:    Redeclaring math symbol \mathsterling on input line 164.
LaTeX Font Info:    Redeclaring math delimiter \ulcorner on input line 475.
LaTeX Font Info:    Redeclaring math delimiter \urcorner on input line 476.
LaTeX Font Info:    Redeclaring math delimiter \llcorner on input line 482.
LaTeX Font Info:    Redeclaring math delimiter \lrcorner on input line 483.
LaTeX Info: Redefining \not on input line 997.
LaTeX Info: Redefining \textsquare on input line 1017.
LaTeX Info: Redefining \openbox on input line 1018.
)
(/usr/local/texlive/2019basic/texmf-dist/tex/latex/wrapfig/wrapfig.sty
\wrapoverhang=\dimen153
\WF@size=\dimen154
\c@WF@wrappedlines=\count122
\WF@box=\box35
\WF@everypar=\toks33
Package: wrapfig 2003/01/31  v 3.6
)
(/usr/local/texlive/2019basic/texmf-dist/tex/latex/float/float.sty
Package: float 2001/11/08 v1.3d Float enhancements (AL)
\c@float@type=\count123
\float@exts=\toks34
\float@box=\box36
\@float@everytoks=\toks35
\@floatcapt=\box37
)
(/usr/local/texlive/2019basic/texmf-dist/tex/latex/caption/caption.sty
Package: caption 2019/09/01 v3.3d Customizing captions (AR)

(/usr/local/texlive/2019basic/texmf-dist/tex/latex/caption/caption3.sty
Package: caption3 2019/09/01 v1.8d caption3 kernel (AR)
Package caption3 Info: TeX engine: e-TeX on input line 64.
\captionmargin=\dimen155
\captionmargin@=\dimen156
\captionwidth=\dimen157
\caption@tempdima=\dimen158
\caption@indent=\dimen159
\caption@parindent=\dimen160
\caption@hangindent=\dimen161
Package caption Info: Unknown document class (or package),
(caption)             standard defaults will be used.
)

Package caption Warning: Unsupported document class (or package) detected,
(caption)                usage of the caption package is not recommended.
See the caption package documentation for explanation.

Package caption Info: \@makecaption = \long macro:#1#2->\small \vskip \abovecap
tionskip \sbox \@tempboxa {#1: #2}\ifdim \wd \@tempboxa >\hsize {\def \baseline
stretch {1}\normalsize \sbox \@tempboxa {#1: }\@setpar {\@@par \@tempdima = \hs
ize \advance \@tempdima -\wd \@tempboxa \parshape \@ne 1\wd \@tempboxa \@tempdi
ma }\par \parindent 0pt\noindent \hbox to \z@ {\hss #1: }#2\par }\else \global 
\@minipagefalse \hbox to\hsize {\hfil \box \@tempboxa \hfil }\fi \vskip \belowc
aptionskip .
\c@caption@flags=\count124
\c@ContinuedFloat=\count125
Package caption Info: float package is loaded.
Package caption Info: listings package is loaded.
Package caption Info: wrapfig package is loaded.
) (/usr/local/texlive/2019basic/texmf-dist/tex/latex/subfigure/subfigure.sty
Package: subfigure 2002/03/15 v2.1.5 subfigure package
\subfigtopskip=\skip73
\subfigcapskip=\skip74
\subfigcaptopadj=\dimen162
\subfigbottomskip=\skip75
\subfigcapmargin=\dimen163
\subfiglabelskip=\skip76
\c@subfigure=\count126
\c@lofdepth=\count127
\c@subtable=\count128
\c@lotdepth=\count129

****************************************
* Local config file subfigure.cfg used *
****************************************
(/usr/local/texlive/2019basic/texmf-dist/tex/latex/subfigure/subfigure.cfg)
\subfig@top=\skip77
\subfig@bottom=\skip78
)
(/usr/local/texlive/2019basic/texmf-dist/tex/latex/microtype/microtype.sty
Package: microtype 2019/02/28 v2.7b Micro-typographical refinements (RS)
\MT@toks=\toks36
\MT@count=\count130
LaTeX Info: Redefining \textls on input line 790.
\MT@outer@kern=\dimen164
LaTeX Info: Redefining \textmicrotypecontext on input line 1336.
\MT@listname@count=\count131

(/usr/local/texlive/2019basic/texmf-dist/tex/latex/microtype/microtype-pdftex.d
ef
File: microtype-pdftex.def 2019/02/28 v2.7b Definitions specific to pdftex (RS)

LaTeX Info: Redefining \lsstyle on input line 914.
LaTeX Info: Redefining \lslig on input line 914.
\MT@outer@space=\skip79
)
Package microtype Info: Loading configuration file microtype.cfg.
 (/usr/local/texlive/2019basic/texmf-dist/tex/latex/microtype/microtype.cfg
File: microtype.cfg 2019/02/28 v2.7b microtype main configuration file (RS)
)) (/usr/local/texlive/2019basic/texmf-dist/tex/latex/hyperref/hyperref.sty
Package: hyperref 2019/09/28 v7.00a Hypertext links for LaTeX

(/usr/local/texlive/2019basic/texmf-dist/tex/generic/oberdiek/hobsub-hyperref.s
ty
Package: hobsub-hyperref 2016/05/16 v1.14 Bundle oberdiek, subset hyperref (HO)


(/usr/local/texlive/2019basic/texmf-dist/tex/generic/oberdiek/hobsub-generic.st
y
Package: hobsub-generic 2016/05/16 v1.14 Bundle oberdiek, subset generic (HO)
Package: hobsub 2016/05/16 v1.14 Construct package bundles (HO)
Package hobsub Info: Skipping package `infwarerr' (already loaded).
Package hobsub Info: Skipping package `ltxcmds' (already loaded).
Package: ifluatex 2016/05/16 v1.4 Provides the ifluatex switch (HO)
Package ifluatex Info: LuaTeX not detected.
Package hobsub Info: Skipping package `ifvtex' (already loaded).
Package: intcalc 2016/05/16 v1.2 Expandable calculations with integers (HO)
Package hobsub Info: Skipping package `ifpdf' (already loaded).
Package: etexcmds 2016/05/16 v1.6 Avoid name clashes with e-TeX commands (HO)
Package: kvsetkeys 2016/05/16 v1.17 Key value parser (HO)
Package: kvdefinekeys 2016/05/16 v1.4 Define keys (HO)
Package: pdftexcmds 2019/07/25 v0.30 Utility functions of pdfTeX for LuaTeX (HO
)
Package pdftexcmds Info: LuaTeX not detected.
Package pdftexcmds Info: \pdf@primitive is available.
Package pdftexcmds Info: \pdf@ifprimitive is available.
Package pdftexcmds Info: \pdfdraftmode found.
Package: pdfescape 2016/05/16 v1.14 Implements pdfTeX's escape features (HO)
Package: bigintcalc 2016/05/16 v1.4 Expandable calculations on big integers (HO
)
Package: bitset 2016/05/16 v1.2 Handle bit-vector datatype (HO)
Package: uniquecounter 2016/05/16 v1.3 Provide unlimited unique counter (HO)
)
Package hobsub Info: Skipping package `hobsub' (already loaded).
Package: letltxmacro 2016/05/16 v1.5 Let assignment for LaTeX macros (HO)
Package: hopatch 2016/05/16 v1.3 Wrapper for package hooks (HO)
Package: xcolor-patch 2016/05/16 xcolor patch
Package: atveryend 2016/05/16 v1.9 Hooks at the very end of document (HO)
Package atveryend Info: \enddocument detected (standard20110627).
Package hobsub Info: Skipping package `atbegshi' (already loaded).
Package: refcount 2016/05/16 v3.5 Data extraction from label references (HO)
Package: hycolor 2016/05/16 v1.8 Color options for hyperref/bookmark (HO)
) (/usr/local/texlive/2019basic/texmf-dist/tex/latex/oberdiek/auxhook.sty
Package: auxhook 2016/05/16 v1.4 Hooks for auxiliary files (HO)
)
(/usr/local/texlive/2019basic/texmf-dist/tex/latex/oberdiek/kvoptions.sty
Package: kvoptions 2016/05/16 v3.12 Key value format for package options (HO)
)
\@linkdim=\dimen165
\Hy@linkcounter=\count132
\Hy@pagecounter=\count133

(/usr/local/texlive/2019basic/texmf-dist/tex/latex/hyperref/pd1enc.def
File: pd1enc.def 2019/09/28 v7.00a Hyperref: PDFDocEncoding definition (HO)
Now handling font encoding PD1 ...
... no UTF-8 mapping file for font encoding PD1
)
\Hy@SavedSpaceFactor=\count134

(/usr/local/texlive/2019basic/texmf-dist/tex/latex/latexconfig/hyperref.cfg
File: hyperref.cfg 2002/06/06 v1.2 hyperref configuration of TeXLive
)
Package hyperref Info: Option `pdfusetitle' set `true' on input line 4414.
Package hyperref Info: Option `bookmarks' set `true' on input line 4414.
Package hyperref Info: Option `bookmarksopen' set `true' on input line 4414.
Package hyperref Info: Option `colorlinks' set `true' on input line 4414.
Package hyperref Info: Option `plainpages' set `false' on input line 4414.
Package hyperref Info: Option `linktocpage' set `true' on input line 4414.
Package hyperref Info: Option `pdfpagelabels' set `true' on input line 4414.
Package hyperref Info: Option `hyperindex' set `true' on input line 4414.
Package hyperref Info: Option `breaklinks' set `true' on input line 4414.
Package hyperref Info: Hyper figures OFF on input line 4540.
Package hyperref Info: Link nesting OFF on input line 4545.
Package hyperref Info: Hyper index ON on input line 4548.
Package hyperref Info: Plain pages OFF on input line 4555.
Package hyperref Info: Backreferencing ON on input line 4558.
Package hyperref Info: Implicit mode ON; LaTeX internals redefined.
Package hyperref Info: Bookmarks ON on input line 4793.

(/usr/local/texlive/2019basic/texmf-dist/tex/latex/hyperref/backref.sty
Package: backref 2016/05/21 v1.39 Bibliographical back referencing

(/usr/local/texlive/2019basic/texmf-dist/tex/latex/oberdiek/rerunfilecheck.sty
Package: rerunfilecheck 2016/05/16 v1.8 Rerun checks for auxiliary files (HO)
Package uniquecounter Info: New unique counter `rerunfilecheck' on input line 2
82.
))
\c@Hy@tempcnt=\count135
 (/usr/local/texlive/2019basic/texmf-dist/tex/latex/url/url.sty
\Urlmuskip=\muskip11
Package: url 2013/09/16  ver 3.4  Verb mode for urls, etc.
)
LaTeX Info: Redefining \url on input line 5152.
\XeTeXLinkMargin=\dimen166
\Fld@menulength=\count136
\Field@Width=\dimen167
\Fld@charsize=\dimen168
Package hyperref Info: Hyper figures OFF on input line 6423.
Package hyperref Info: Link nesting OFF on input line 6428.
Package hyperref Info: Hyper index ON on input line 6431.
Package hyperref Info: backreferencing ON on input line 6436.
Package hyperref Info: Link coloring ON on input line 6441.
Package hyperref Info: Link coloring with OCG OFF on input line 6448.
Package hyperref Info: PDF/A mode OFF on input line 6453.
LaTeX Info: Redefining \ref on input line 6493.
LaTeX Info: Redefining \pageref on input line 6497.
\Hy@abspage=\count137
\c@Item=\count138
\c@Hfootnote=\count139
)
Package hyperref Info: Driver: hpdftex.

(/usr/local/texlive/2019basic/texmf-dist/tex/latex/hyperref/hpdftex.def
File: hpdftex.def 2019/09/28 v7.00a Hyperref driver for pdfTeX
\Fld@listcount=\count140
\c@bookmark@seq@number=\count141
\Hy@SectionHShift=\skip80
)
*** Warning: The hyperref package has been loaded. Loading any packages after t
his could interfere with the hyperref package***
) (./styles/packages.tex
(/usr/local/texlive/2019basic/texmf-dist/tex/latex/base/inputenc.sty
Package: inputenc 2018/08/11 v1.3c Input encoding file
\inpenc@prehook=\toks37
\inpenc@posthook=\toks38
)
(/usr/local/texlive/2019basic/texmf-dist/tex/generic/babel/babel.sty
Package: babel 2019/09/27 3.34 The Babel package

(/usr/local/texlive/2019basic/texmf-dist/tex/generic/babel/switch.def
File: switch.def 2019/09/27 3.34 Babel switching mechanism
)
(/usr/local/texlive/2019basic/texmf-dist/tex/generic/babel-english/english.ldf
Language: english 2017/06/06 v3.3r English support from the babel system

(/usr/local/texlive/2019basic/texmf-dist/tex/generic/babel/babel.def
File: babel.def 2019/09/27 3.34 Babel common definitions
\babel@savecnt=\count142
\U@D=\dimen169

(/usr/local/texlive/2019basic/texmf-dist/tex/generic/babel/txtbabel.def)
\bbl@dirlevel=\count143
)
\l@canadian = a dialect from \language\l@american 
\l@australian = a dialect from \language\l@british 
\l@newzealand = a dialect from \language\l@british 
)
(/usr/local/texlive/2019basic/texmf-dist/tex/generic/babel-vietnamese/vietnames
e.ldf
Language: vietnamese 


Package babel Warning: No hyphenation patterns were preloaded for
(babel)                the language `Vietnamese' into the format.
(babel)                Please, configure your TeX system to add them and
(babel)                rebuild the format. Now I will use the patterns
(babel)                preloaded for english instead on input line 36.

\l@vietnamese = a dialect from \language0
\l@vietnam = a dialect from \language0
Loading definitions for the Vietnamese font encoding
(/usr/local/texlive/2019basic/texmf-dist/tex/latex/vntex/t5enc.def
File: t5enc.def 2006/11/21 v1.4 Vietnamese T5 encoding
Now handling font encoding T5 ...
... processing UTF-8 mapping file for font encoding T5

(/usr/local/texlive/2019basic/texmf-dist/tex/latex/vntex/t5enc.dfu
File: t5enc.dfu 2006/08/19 v1.1 UTF8 support for Vietnamese
   defining Unicode char U+00AB (decimal 171)
   defining Unicode char U+00BB (decimal 187)
   defining Unicode char U+00C0 (decimal 192)
   defining Unicode char U+00C1 (decimal 193)
   defining Unicode char U+00C2 (decimal 194)
   defining Unicode char U+00C3 (decimal 195)
   defining Unicode char U+00C8 (decimal 200)
   defining Unicode char U+00C9 (decimal 201)
   defining Unicode char U+00CA (decimal 202)
   defining Unicode char U+00CC (decimal 204)
   defining Unicode char U+00CD (decimal 205)
   defining Unicode char U+00D2 (decimal 210)
   defining Unicode char U+00D3 (decimal 211)
   defining Unicode char U+00D4 (decimal 212)
   defining Unicode char U+00D5 (decimal 213)
   defining Unicode char U+00D9 (decimal 217)
   defining Unicode char U+00DA (decimal 218)
   defining Unicode char U+00DD (decimal 221)
   defining Unicode char U+00E0 (decimal 224)
   defining Unicode char U+00E1 (decimal 225)
   defining Unicode char U+00E2 (decimal 226)
   defining Unicode char U+00E3 (decimal 227)
   defining Unicode char U+00E8 (decimal 232)
   defining Unicode char U+00E9 (decimal 233)
   defining Unicode char U+00EA (decimal 234)
   defining Unicode char U+00EC (decimal 236)
   defining Unicode char U+00ED (decimal 237)
   defining Unicode char U+00F2 (decimal 242)
   defining Unicode char U+00F3 (decimal 243)
   defining Unicode char U+00F4 (decimal 244)
   defining Unicode char U+00F5 (decimal 245)
   defining Unicode char U+00F9 (decimal 249)
   defining Unicode char U+00FA (decimal 250)
   defining Unicode char U+00FD (decimal 253)
   defining Unicode char U+0102 (decimal 258)
   defining Unicode char U+0103 (decimal 259)
   defining Unicode char U+0110 (decimal 272)
   defining Unicode char U+0111 (decimal 273)
   defining Unicode char U+0128 (decimal 296)
   defining Unicode char U+0129 (decimal 297)
   defining Unicode char U+0131 (decimal 305)
   defining Unicode char U+0168 (decimal 360)
   defining Unicode char U+0169 (decimal 361)
   defining Unicode char U+01A0 (decimal 416)
   defining Unicode char U+01A1 (decimal 417)
   defining Unicode char U+01AF (decimal 431)
   defining Unicode char U+01B0 (decimal 432)
   defining Unicode char U+1EA0 (decimal 7840)
   defining Unicode char U+1EA1 (decimal 7841)
   defining Unicode char U+1EA2 (decimal 7842)
   defining Unicode char U+1EA3 (decimal 7843)
   defining Unicode char U+1EA4 (decimal 7844)
   defining Unicode char U+1EA5 (decimal 7845)
   defining Unicode char U+1EA6 (decimal 7846)
   defining Unicode char U+1EA7 (decimal 7847)
   defining Unicode char U+1EA8 (decimal 7848)
   defining Unicode char U+1EA9 (decimal 7849)
   defining Unicode char U+1EAA (decimal 7850)
   defining Unicode char U+1EAB (decimal 7851)
   defining Unicode char U+1EAC (decimal 7852)
   defining Unicode char U+1EAD (decimal 7853)
   defining Unicode char U+1EAE (decimal 7854)
   defining Unicode char U+1EAF (decimal 7855)
   defining Unicode char U+1EB0 (decimal 7856)
   defining Unicode char U+1EB1 (decimal 7857)
   defining Unicode char U+1EB2 (decimal 7858)
   defining Unicode char U+1EB3 (decimal 7859)
   defining Unicode char U+1EB4 (decimal 7860)
   defining Unicode char U+1EB5 (decimal 7861)
   defining Unicode char U+1EB6 (decimal 7862)
   defining Unicode char U+1EB7 (decimal 7863)
   defining Unicode char U+1EB8 (decimal 7864)
   defining Unicode char U+1EB9 (decimal 7865)
   defining Unicode char U+1EBA (decimal 7866)
   defining Unicode char U+1EBB (decimal 7867)
   defining Unicode char U+1EBC (decimal 7868)
   defining Unicode char U+1EBD (decimal 7869)
   defining Unicode char U+1EBE (decimal 7870)
   defining Unicode char U+1EBF (decimal 7871)
   defining Unicode char U+1EC0 (decimal 7872)
   defining Unicode char U+1EC1 (decimal 7873)
   defining Unicode char U+1EC2 (decimal 7874)
   defining Unicode char U+1EC3 (decimal 7875)
   defining Unicode char U+1EC4 (decimal 7876)
   defining Unicode char U+1EC5 (decimal 7877)
   defining Unicode char U+1EC6 (decimal 7878)
   defining Unicode char U+1EC7 (decimal 7879)
   defining Unicode char U+1EC8 (decimal 7880)
   defining Unicode char U+1EC9 (decimal 7881)
   defining Unicode char U+1ECA (decimal 7882)
   defining Unicode char U+1ECB (decimal 7883)
   defining Unicode char U+1ECC (decimal 7884)
   defining Unicode char U+1ECD (decimal 7885)
   defining Unicode char U+1ECE (decimal 7886)
   defining Unicode char U+1ECF (decimal 7887)
   defining Unicode char U+1ED0 (decimal 7888)
   defining Unicode char U+1ED1 (decimal 7889)
   defining Unicode char U+1ED2 (decimal 7890)
   defining Unicode char U+1ED3 (decimal 7891)
   defining Unicode char U+1ED4 (decimal 7892)
   defining Unicode char U+1ED5 (decimal 7893)
   defining Unicode char U+1ED6 (decimal 7894)
   defining Unicode char U+1ED7 (decimal 7895)
   defining Unicode char U+1ED8 (decimal 7896)
   defining Unicode char U+1ED9 (decimal 7897)
   defining Unicode char U+1EDA (decimal 7898)
   defining Unicode char U+1EDB (decimal 7899)
   defining Unicode char U+1EDC (decimal 7900)
   defining Unicode char U+1EDD (decimal 7901)
   defining Unicode char U+1EDE (decimal 7902)
   defining Unicode char U+1EDF (decimal 7903)
   defining Unicode char U+1EE0 (decimal 7904)
   defining Unicode char U+1EE1 (decimal 7905)
   defining Unicode char U+1EE2 (decimal 7906)
   defining Unicode char U+1EE3 (decimal 7907)
   defining Unicode char U+1EE4 (decimal 7908)
   defining Unicode char U+1EE5 (decimal 7909)
   defining Unicode char U+1EE6 (decimal 7910)
   defining Unicode char U+1EE7 (decimal 7911)
   defining Unicode char U+1EE8 (decimal 7912)
   defining Unicode char U+1EE9 (decimal 7913)
   defining Unicode char U+1EEA (decimal 7914)
   defining Unicode char U+1EEB (decimal 7915)
   defining Unicode char U+1EEC (decimal 7916)
   defining Unicode char U+1EED (decimal 7917)
   defining Unicode char U+1EEE (decimal 7918)
   defining Unicode char U+1EEF (decimal 7919)
   defining Unicode char U+1EF0 (decimal 7920)
   defining Unicode char U+1EF1 (decimal 7921)
   defining Unicode char U+1EF2 (decimal 7922)
   defining Unicode char U+1EF3 (decimal 7923)
   defining Unicode char U+1EF4 (decimal 7924)
   defining Unicode char U+1EF5 (decimal 7925)
   defining Unicode char U+1EF6 (decimal 7926)
   defining Unicode char U+1EF7 (decimal 7927)
   defining Unicode char U+1EF8 (decimal 7928)
   defining Unicode char U+1EF9 (decimal 7929)
   defining Unicode char U+200C (decimal 8204)
   defining Unicode char U+2013 (decimal 8211)
   defining Unicode char U+2014 (decimal 8212)
   defining Unicode char U+2018 (decimal 8216)
   defining Unicode char U+2019 (decimal 8217)
   defining Unicode char U+201A (decimal 8218)
   defining Unicode char U+201C (decimal 8220)
   defining Unicode char U+201D (decimal 8221)
   defining Unicode char U+201E (decimal 8222)
   defining Unicode char U+2030 (decimal 8240)
   defining Unicode char U+2031 (decimal 8241)
   defining Unicode char U+2039 (decimal 8249)
   defining Unicode char U+203A (decimal 8250)
   defining Unicode char U+2423 (decimal 9251)
))
Package babel Info: Making " an active character on input line 147.
)))
(/usr/local/texlive/2019basic/texmf-dist/tex/latex/base/fontenc.sty
Package: fontenc 2018/08/11 v2.0j Standard LaTeX package

(/usr/local/texlive/2019basic/texmf-dist/tex/latex/vntex/t5enc.def
File: t5enc.def 2006/11/21 v1.4 Vietnamese T5 encoding
LaTeX Font Info:    Redeclaring font encoding T5 on input line 75.
)
LaTeX Font Info:    Trying to load font information for T5+cmr on input line 10
5.

(/usr/local/texlive/2019basic/texmf-dist/tex/latex/vntex/t5cmr.fd
File: t5cmr.fd 1999/05/25 v2.5h Standard LaTeX font definitions
))
(./styles/personal.tex
\c@unnumft=\count144
LaTeX Font Info:    Trying to load font information for T1+txtt on input line 9
9.

(/usr/local/texlive/2019basic/texmf-dist/tex/latex/txfonts/t1txtt.fd
File: t1txtt.fd 2000/12/15 v3.1
)
(/usr/local/texlive/2019basic/texmf-dist/tex/latex/listings/lstlang1.sty
File: lstlang1.sty 2019/09/10 1.8c listings language file
))
(./styles/theorems.tex
\c@thm=\count145
\c@cor=\count146
\c@lem=\count147
\c@prop=\count148
\c@defn=\count149
\c@rem=\count150
\c@ex=\count151
\c@note=\count152
\c@nts=\count153
\c@terminology=\count154
\c@bdefn=\count155
\fmbox=\box38
)
\@indexfile=\write4
\openout4 = `username.idx'.


Writing index file username.idx
(./username.aux

LaTeX Warning: Label `thienhau_present' multiply defined.

)
\openout1 = `username.aux'.

LaTeX Font Info:    Checking defaults for OML/pxmi/m/it on input line 101.
LaTeX Font Info:    Trying to load font information for OML+pxmi on input line 
101.
 (/usr/local/texlive/2019basic/texmf-dist/tex/latex/pxfonts/omlpxmi.fd
File: omlpxmi.fd 2000/12/14 v1.0
)
LaTeX Font Info:    ... okay on input line 101.
LaTeX Font Info:    Checking defaults for T1/cmr/m/n on input line 101.
LaTeX Font Info:    ... okay on input line 101.
LaTeX Font Info:    Checking defaults for OT1/cmr/m/n on input line 101.
LaTeX Font Info:    ... okay on input line 101.
LaTeX Font Info:    Checking defaults for OMS/pxsy/m/n on input line 101.
LaTeX Font Info:    Trying to load font information for OMS+pxsy on input line 
101.

(/usr/local/texlive/2019basic/texmf-dist/tex/latex/pxfonts/omspxsy.fd
File: omspxsy.fd 2000/12/14 v1.0
)
LaTeX Font Info:    ... okay on input line 101.
LaTeX Font Info:    Checking defaults for OMX/pxex/m/n on input line 101.
LaTeX Font Info:    Trying to load font information for OMX+pxex on input line 
101.

(/usr/local/texlive/2019basic/texmf-dist/tex/latex/pxfonts/omxpxex.fd
File: omxpxex.fd 2000/12/14 v1.0
)
LaTeX Font Info:    ... okay on input line 101.
LaTeX Font Info:    Checking defaults for U/pxexa/m/n on input line 101.
LaTeX Font Info:    Trying to load font information for U+pxexa on input line 1
01.

(/usr/local/texlive/2019basic/texmf-dist/tex/latex/pxfonts/upxexa.fd
File: upxexa.fd 2000/12/14 v1.0
)
LaTeX Font Info:    ... okay on input line 101.
LaTeX Font Info:    Checking defaults for PD1/pdf/m/n on input line 101.
LaTeX Font Info:    ... okay on input line 101.
LaTeX Font Info:    Checking defaults for T5/cmr/m/n on input line 101.
LaTeX Font Info:    ... okay on input line 101.
LaTeX Font Info:    Trying to load font information for T5+pxr on input line 10
1.

(/usr/local/texlive/2019basic/texmf-dist/tex/latex/vntex/t5pxr.fd
File: t5pxr.fd 2006/07/24 font definitions for T5/pxr (thanh).
)
LaTeX Font Info:    Trying to load font information for T5+ppl on input line 10
1.

(/usr/local/texlive/2019basic/texmf-dist/tex/latex/vntex/t5ppl.fd
File: t5upl.fd 2005/08/24 Fontinst v1.929 font definitions for T5/ppl.
)
LaTeX Font Info:    Font shape `T5/pxr/m/n' in size <10> not available
(Font)              Font shape `T5/ppl/m/n' tried instead on input line 101.

(/usr/local/texlive/2019basic/texmf-dist/tex/context/base/mkii/supp-pdf.mkii
[Loading MPS to PDF converter (version 2006.09.02).]
\scratchcounter=\count156
\scratchdimen=\dimen170
\scratchbox=\box39
\nofMPsegments=\count157
\nofMParguments=\count158
\everyMPshowfont=\toks39
\MPscratchCnt=\count159
\MPscratchDim=\dimen171
\MPnumerator=\count160
\makeMPintoPDFobject=\count161
\everyMPtoPDFconversion=\toks40
) (/usr/local/texlive/2019basic/texmf-dist/tex/latex/oberdiek/epstopdf-base.sty
Package: epstopdf-base 2016/05/15 v2.6 Base part for package epstopdf
(/usr/local/texlive/2019basic/texmf-dist/tex/latex/oberdiek/grfext.sty
Package: grfext 2016/05/16 v1.2 Manage graphics extensions (HO)
)
Package epstopdf-base Info: Redefining graphics rule for `.eps' on input line 4
38.
Package grfext Info: Graphics extension search list:
(grfext)             [.pdf,.jpg,.tif,.eps]
(grfext)             \AppendGraphicsExtensions on input line 456.

(/usr/local/texlive/2019basic/texmf-dist/tex/latex/latexconfig/epstopdf-sys.cfg
File: epstopdf-sys.cfg 2010/07/13 v1.3 Configuration of (r)epstopdf for TeX Liv
e
))
\AtBeginShipoutBox=\box40

*geometry* driver: auto-detecting
*geometry* detected driver: pdftex
*geometry* verbose mode - [ preamble ] result:
* driver: pdftex
* paper: letterpaper
* layout: <same size as paper>
* layoutoffset:(h,v)=(0.0pt,0.0pt)
* modes: 
* h-part:(L,W,R)=(108.405pt, 433.62001pt, 72.26999pt)
* v-part:(T,H,B)=(72.26999pt, 650.43001pt, 72.26999pt)
* \paperwidth=614.295pt
* \paperheight=794.96999pt
* \textwidth=433.62001pt
* \textheight=650.43001pt
* \oddsidemargin=36.13501pt
* \evensidemargin=36.13501pt
* \topmargin=-30.06749pt
* \headheight=12.0pt
* \headsep=18.06749pt
* \topskip=10.0pt
* \footskip=25.29494pt
* \marginparwidth=43.36243pt
* \marginparsep=7.0pt
* \columnsep=10.0pt
* \skip\footins=9.0pt plus 4.0pt minus 2.0pt
* \hoffset=0.0pt
* \voffset=0.0pt
* \mag=1000
* \@twocolumnfalse
* \@twosidefalse
* \@mparswitchfalse
* \@reversemarginfalse
* (1in=72.27pt=25.4mm, 1cm=28.453pt)

\c@lstlisting=\count162
Package caption Info: Begin \AtBeginDocument code.
Package caption Info: hyperref package is loaded.
Package caption Info: subfigure package is loaded.
Package caption Info: End \AtBeginDocument code.
LaTeX Info: Redefining \microtypecontext on input line 101.
Package microtype Info: Generating PDF output.
Package microtype Info: Character protrusion enabled (level 2).
Package microtype Info: Using default protrusion set `alltext'.
Package microtype Info: Automatic font expansion enabled (level 2),
(microtype)             stretch: 20, shrink: 20, step: 1, non-selected.
Package microtype Info: Using expansion set `alltext'.

LaTeX Warning: Command \showhyphens  has changed.
               Check if current package is valid.

Package microtype Info: No adjustment of tracking.
Package microtype Info: No adjustment of interword spacing.
Package microtype Info: No adjustment of character kerning.
Package microtype Info: ... No configuration file mt-pxr.cfg.
Package microtype Info: ... Loading configuration file mt-ppl.cfg.
(/usr/local/texlive/2019basic/texmf-dist/tex/latex/microtype/mt-ppl.cfg
File: mt-ppl.cfg 2005/11/16 v1.6 microtype config. file: Palatino (RS)
)
Package microtype Info: Setting up font `T5/pxr/m/n/10' on input line 101.


Package microtype Warning: I cannot find a protrusion list for font
(microtype)                `T5/pxr/m/n/10'. Switching off
(microtype)                protrusion for this font on input line 101.

Package microtype Info: ... Applying non-selected expansion (list `T5').
Package backref Info: ** backref set up for natbib ** on input line 101.
Package hyperref Info: Link coloring ON on input line 101.
(/usr/local/texlive/2019basic/texmf-dist/tex/latex/hyperref/nameref.sty
Package: nameref 2019/09/16 v2.46 Cross-referencing by name of section

(/usr/local/texlive/2019basic/texmf-dist/tex/generic/oberdiek/gettitlestring.st
y
Package: gettitlestring 2016/05/16 v1.5 Cleanup title references (HO)
)
\c@section@level=\count163
)
LaTeX Info: Redefining \ref on input line 101.
LaTeX Info: Redefining \pageref on input line 101.
LaTeX Info: Redefining \nameref on input line 101.
 (./username.out) (./username.out)
\@outlinefile=\write5
\openout5 = `username.out'.

LaTeX Font Info:    Trying to load font information for T1+pxr on input line 10
2.

(/usr/local/texlive/2019basic/texmf-dist/tex/latex/pxfonts/t1pxr.fd
File: t1pxr.fd 2000/12/14 v1.0
)
Package microtype Info: Setting up font `T1/pxr/m/n/10' on input line 102.
Package microtype Info: ... Loading protrusion list `ppl-T1'.
Package microtype Info: ... : First loading protrusion list `ppl-default'.
Package microtype Info: ... Applying non-selected expansion (list `default').
Package microtype Info: Setting up font `T1/pxr/m/sc/10' on input line 112.
Package microtype Info: ... Loading protrusion list `ppl-sc-T1'.
Package microtype Info: ... : First loading protrusion list `ppl-T1'.
Package microtype Info: ... : First loading protrusion list `ppl-default'.
Package microtype Info: ... Applying non-selected expansion (list `default').
Package microtype Info: Setting up font `T1/pxr/m/sc/14.4' on input line 112.
Package microtype Info: ... Loading protrusion list `ppl-sc-T1'.
Package microtype Info: ... : First loading protrusion list `ppl-T1'.
Package microtype Info: ... : First loading protrusion list `ppl-default'.
Package microtype Info: ... Applying non-selected expansion (list `default').
Package microtype Info: Setting up font `T1/pxr/bx/n/10' on input line 112.
Package microtype Info: ... Loading protrusion list `ppl-T1'.
Package microtype Info: ... : First loading protrusion list `ppl-default'.
Package microtype Info: ... Applying non-selected expansion (list `default').

Overfull \hbox (2.50375pt too wide) in paragraph at lines 112--112
  [] 
 []

<./figures/kauke_arch_gray.pdf, id=192, 202.3556pt x 289.08pt>
File: ./figures/kauke_arch_gray.pdf Graphic file (type pdf)
<use ./figures/kauke_arch_gray.pdf>
Package pdftex.def Info: ./figures/kauke_arch_gray.pdf  used on input line 112.

(pdftex.def)             Requested size: 556.50735pt x 795.01213pt.
[1



{/usr/local/texlive/2019basic/texmf-var/fonts/map/pdftex/updmap/pdftex.map} <./
figures/kauke_arch_gray.pdf>]pdfTeX warning (ext4): destination with the same i
dentifier (name{page.i}) has been already used, duplicate ignored
<to be read again> 
                   \relax 
l.113 ...rpage\thispagestyle{empty}\null\clearpage
                                                   [1

]
<./figures/kauke_wordmark.pdf, id=232, 320.06438pt x 398.97574pt>
File: ./figures/kauke_wordmark.pdf Graphic file (type pdf)
<use ./figures/kauke_wordmark.pdf>
Package pdftex.def Info: ./figures/kauke_wordmark.pdf  used on input line 114.
(pdftex.def)             Requested size: 128.02347pt x 159.58746pt.
LaTeX Font Info:    Trying to load font information for OMS+pxr on input line 1
14.

(/usr/local/texlive/2019basic/texmf-dist/tex/latex/pxfonts/omspxr.fd
File: omspxr.fd 2000/12/14 v1.0
)
LaTeX Font Info:    Font shape `OMS/pxr/m/n' in size <10> not available
(Font)              Font shape `OMS/pxsy/m/n' tried instead on input line 114.
Package microtype Info: ... No configuration file mt-pxsy.cfg.
Package microtype Info: Setting up font `OMS/pxsy/m/n/10' on input line 114.
Package microtype Info: ... No protrusion.
Package microtype Info: ... No expansion.
 [2


 <./figures/kauke_wordmark.pdf>]
Package microtype Info: Setting up font `T1/pxr/m/sc/20' on input line 156.
Package microtype Info: ... Loading protrusion list `ppl-sc-T1'.
Package microtype Info: ... : First loading protrusion list `ppl-T1'.
Package microtype Info: ... : First loading protrusion list `ppl-default'.
Package microtype Info: ... Applying non-selected expansion (list `default').
 (./username.toc
LaTeX Font Info:    Trying to load font information for OT1+pxr on input line 4
2.

(/usr/local/texlive/2019basic/texmf-dist/tex/latex/pxfonts/ot1pxr.fd
File: ot1pxr.fd 2000/12/14 v1.0
)
Package microtype Info: Setting up font `OT1/pxr/m/n/10' on input line 42.
Package microtype Info: ... Loading protrusion list `ppl-default'.
Package microtype Info: ... Applying non-selected expansion (list `default').
Package microtype Info: Setting up font `OT1/pxr/m/n/7' on input line 42.
Package microtype Info: ... Loading protrusion list `ppl-default'.
Package microtype Info: ... Applying non-selected expansion (list `default').
Package microtype Info: Setting up font `OT1/pxr/m/n/5' on input line 42.
Package microtype Info: ... Loading protrusion list `ppl-default'.
Package microtype Info: ... Applying non-selected expansion (list `default').
Package microtype Info: ... No configuration file mt-pxmi.cfg.
Package microtype Info: Setting up font `OML/pxmi/m/it/10' on input line 42.
Package microtype Info: ... No protrusion.
Package microtype Info: ... No expansion.
Package microtype Info: Setting up font `OML/pxmi/m/it/7' on input line 42.
Package microtype Info: ... No protrusion.
Package microtype Info: ... No expansion.
Package microtype Info: Setting up font `OML/pxmi/m/it/5' on input line 42.
Package microtype Info: ... No protrusion.
Package microtype Info: ... No expansion.
Package microtype Info: Setting up font `OMS/pxsy/m/n/7' on input line 42.
Package microtype Info: ... No protrusion.
Package microtype Info: ... No expansion.
Package microtype Info: Setting up font `OMS/pxsy/m/n/5' on input line 42.
Package microtype Info: ... No protrusion.
Package microtype Info: ... No expansion.
Package microtype Info: ... No configuration file mt-pxex.cfg.
Package microtype Info: Setting up font `OMX/pxex/m/n/10' on input line 42.
Package microtype Info: ... No protrusion.
Package microtype Info: ... No expansion.
Package microtype Info: Setting up font `OMX/pxex/m/n/7' on input line 42.
Package microtype Info: ... No protrusion.
Package microtype Info: ... No expansion.
Package microtype Info: Setting up font `OMX/pxex/m/n/5' on input line 42.
Package microtype Info: ... No protrusion.
Package microtype Info: ... No expansion.
LaTeX Font Info:    Trying to load font information for U+pxsya on input line 4
2.

(/usr/local/texlive/2019basic/texmf-dist/tex/latex/pxfonts/upxsya.fd
File: upxsya.fd 2000/12/14 v1.0
)
Package microtype Info: Setting up font `U/pxsya/m/n/10' on input line 42.
Package microtype Info: ... No protrusion.
Package microtype Info: ... No expansion.
Package microtype Info: Setting up font `U/pxsya/m/n/7' on input line 42.
Package microtype Info: ... No protrusion.
Package microtype Info: ... No expansion.
Package microtype Info: Setting up font `U/pxsya/m/n/5' on input line 42.
Package microtype Info: ... No protrusion.
Package microtype Info: ... No expansion.
LaTeX Font Info:    Trying to load font information for U+pxsyb on input line 4
2.

(/usr/local/texlive/2019basic/texmf-dist/tex/latex/pxfonts/upxsyb.fd
File: utxsyb.fd 2000/12/14 v1.0
)
Package microtype Info: ... No configuration file mt-pxsyb.cfg.
Package microtype Info: Setting up font `U/pxsyb/m/n/10' on input line 42.
Package microtype Info: ... No protrusion.
Package microtype Info: ... No expansion.
Package microtype Info: Setting up font `U/pxsyb/m/n/7' on input line 42.
Package microtype Info: ... No protrusion.
Package microtype Info: ... No expansion.
Package microtype Info: Setting up font `U/pxsyb/m/n/5' on input line 42.
Package microtype Info: ... No protrusion.
Package microtype Info: ... No expansion.
Package microtype Info: Setting up font `OT1/pxr/m/it/10' on input line 42.
Package microtype Info: ... Loading protrusion list `ppl-it'.
Package microtype Info: ... Applying non-selected expansion (list `default').
Package microtype Info: Setting up font `OT1/pxr/m/it/7' on input line 42.
Package microtype Info: ... Loading protrusion list `ppl-it'.
Package microtype Info: ... Applying non-selected expansion (list `default').
Package microtype Info: Setting up font `OT1/pxr/m/it/5' on input line 42.
Package microtype Info: ... Loading protrusion list `ppl-it'.
Package microtype Info: ... Applying non-selected expansion (list `default').
LaTeX Font Info:    Trying to load font information for U+pxmia on input line 4
2.

(/usr/local/texlive/2019basic/texmf-dist/tex/latex/pxfonts/upxmia.fd
File: upxmia.fd 2000/12/14 v1.0
)
Package microtype Info: Setting up font `U/pxmia/m/it/10' on input line 42.
Package microtype Info: ... No protrusion.
Package microtype Info: ... No expansion.
Package microtype Info: Setting up font `U/pxmia/m/it/7' on input line 42.
Package microtype Info: ... No protrusion.
Package microtype Info: ... No expansion.
Package microtype Info: Setting up font `U/pxmia/m/it/5' on input line 42.
Package microtype Info: ... No protrusion.
Package microtype Info: ... No expansion.
LaTeX Font Info:    Trying to load font information for U+pxsyc on input line 4
2.

(/usr/local/texlive/2019basic/texmf-dist/tex/latex/pxfonts/upxsyc.fd
File: upxsyc.fd 2000/12/14 v1.0
)
Package microtype Info: ... No configuration file mt-pxsyc.cfg.
Package microtype Info: Setting up font `U/pxsyc/m/n/10' on input line 42.
Package microtype Info: ... No protrusion.
Package microtype Info: ... No expansion.
Package microtype Info: Setting up font `U/pxsyc/m/n/7' on input line 42.
Package microtype Info: ... No protrusion.
Package microtype Info: ... No expansion.
Package microtype Info: Setting up font `U/pxsyc/m/n/5' on input line 42.
Package microtype Info: ... No protrusion.
Package microtype Info: ... No expansion.
Package microtype Info: Setting up font `U/pxexa/m/n/10' on input line 42.
Package microtype Info: ... No protrusion.
Package microtype Info: ... No expansion.
Package microtype Info: Setting up font `U/pxexa/m/n/7' on input line 42.
Package microtype Info: ... No protrusion.
Package microtype Info: ... No expansion.
Package microtype Info: Setting up font `U/pxexa/m/n/5' on input line 42.
Package microtype Info: ... No protrusion.
Package microtype Info: ... No expansion.
 [3


])
\tf@toc=\write6
\openout6 = `username.toc'.


[4] (./username.lof [5

])
\tf@lof=\write7
\openout7 = `username.lof'.

 [6] (./username.lot)
\tf@lot=\write8
\openout8 = `username.lot'.

 [7

] (./username.lol)
\tf@lol=\write9
\openout9 = `username.lol'.

 [8

]
(./chapters/introduction.tex
Chapter 1.
Package microtype Info: Setting up font `T1/pxr/m/n/9' on input line 2.
Package microtype Info: ... Loading protrusion list `ppl-T1'.
Package microtype Info: ... : First loading protrusion list `ppl-default'.
Package microtype Info: ... Applying non-selected expansion (list `default').
Package microtype Info: Setting up font `T1/pxr/m/n/60' on input line 2.
Package microtype Info: ... Loading protrusion list `ppl-T1'.
Package microtype Info: ... : First loading protrusion list `ppl-default'.
Package microtype Info: ... Applying non-selected expansion (list `default').
LaTeX Font Info:    Font shape `T5/pxr/m/sc' in size <10> not available
(Font)              Font shape `T5/ppl/m/sc' tried instead on input line 4.
Package microtype Info: Setting up font `T5/ppl/m/sc/10' on input line 4.

Package microtype Warning: I cannot find a protrusion list for font
(microtype)                `T5/ppl/m/sc/10'. Switching off
(microtype)                protrusion for this font on input line 4.

Package microtype Info: ... Applying non-selected expansion (list `T5').
LaTeX Font Info:    Font shape `T5/pxr/m/sc' in size <14.4> not available
(Font)              Font shape `T5/ppl/m/sc' tried instead on input line 4.
Package microtype Info: Setting up font `T5/ppl/m/sc/14.4' on input line 4.

Package microtype Warning: I cannot find a protrusion list for font
(microtype)                `T5/ppl/m/sc/14.4'. Switching off
(microtype)                protrusion for this font on input line 4.

Package microtype Info: ... Applying non-selected expansion (list `T5').

Package hyperref Warning: Composite letter `\textasciigrave+\ecircumflex'
(hyperref)                not defined in PD1 encoding,
(hyperref)                removing `\textasciigrave' on input line 4.


Package hyperref Warning: Glyph not defined in PD1 encoding,
(hyperref)                removing `\ecircumflex' on input line 4.


Package hyperref Warning: Composite letter `\textacute+\UHORN'
(hyperref)                not defined in PD1 encoding,
(hyperref)                removing `\textacute' on input line 4.


Package hyperref Warning: Glyph not defined in PD1 encoding,
(hyperref)                removing `\UHORN' on input line 4.

<./figures/sgxua.jpg, id=432, 1505.625pt x 1003.75pt>
File: ./figures/sgxua.jpg Graphic file (type jpg)
<use ./figures/sgxua.jpg>
Package pdftex.def Info: ./figures/sgxua.jpg  used on input line 17.
(pdftex.def)             Requested size: 376.40533pt x 250.93689pt.
[1


]
LaTeX Font Info:    Font shape `T5/pxr/m/sl' in size <10> not available
(Font)              Font shape `T5/ppl/m/sl' tried instead on input line 24.
Package microtype Info: Setting up font `T5/ppl/m/sl/10' on input line 24.


Package microtype Warning: I cannot find a protrusion list for font
(microtype)                `T5/ppl/m/sl/10'. Switching off
(microtype)                protrusion for this font on input line 24.

Package microtype Info: ... Applying non-selected expansion (list `T5').
Package microtype Info: Setting up font `T1/pxr/m/sl/10' on input line 24.
Package microtype Info: ... Loading protrusion list `ppl-it-T1'.
Package microtype Info: ... : First loading protrusion list `ppl-it'.
Package microtype Info: ... Applying non-selected expansion (list `default').
[2 <./figures/sgxua.jpg>] [3] [4] [5]) (./chapters/chapter1.tex [6]
Chapter 2.
Package microtype Info: Setting up font `T1/pxr/m/n/7' on input line 5.
Package microtype Info: ... Loading protrusion list `ppl-T1'.
Package microtype Info: ... : First loading protrusion list `ppl-default'.
Package microtype Info: ... Applying non-selected expansion (list `default').
LaTeX Font Info:    Trying to load font information for T1+pxtt on input line 5
.
(/usr/local/texlive/2019basic/texmf-dist/tex/latex/pxfonts/t1pxtt.fd
File: t1pxtt.fd 2000/12/14 v1.0
)
Package microtype Info: ... No configuration file mt-pxtt.cfg.
Package microtype Info: Setting up font `T1/pxtt/m/n/10' on input line 5.
Package microtype Info: ... Loading protrusion list `T1-default'.
Package microtype Info: Loading generic protrusion settings for font family
(microtype)             `pxtt' (encoding: T1).
(microtype)             For optimal results, create family-specific settings.
(microtype)             See the microtype manual for details.
Package microtype Info: ... : First loading protrusion list `default'.
Package microtype Info: ... Applying non-selected expansion (list `default').
Package microtype Info: Setting up font `T1/pxr/m/it/10' on input line 5.
Package microtype Info: ... Loading protrusion list `ppl-it-T1'.
Package microtype Info: ... : First loading protrusion list `ppl-it'.
Package microtype Info: ... Applying non-selected expansion (list `default').

Underfull \hbox (badness 10000) in paragraph at lines 5--5
[][][]\T1/pxr/m/n/10 (+20) Alexandria Hex-ton, ^^PThe Rev-o-lu-tion of Spa-tial
 Com-put-ing: Emerg-ing De-
 []


Underfull \hbox (badness 6961) in paragraph at lines 5--5
\T1/pxr/m/n/10 (+20) sign Fron-tiers in VR/AR^^Q (Oc-to-ber 4, 2019), [][]$\T1/
pxtt/m/n/10 (+20) http : / / signage . showprg . com / ghc19 /
 []

<./figures/realityvirtual.jpg, id=466, 278.54062pt x 116.68594pt>
File: ./figures/realityvirtual.jpg Graphic file (type jpg)
<use ./figures/realityvirtual.jpg>
Package pdftex.def Info: ./figures/realityvirtual.jpg  used on input line 16.
(pdftex.def)             Requested size: 278.53993pt x 116.68564pt.
[7

]
<./figures/AR.jpg, id=481, 667.49374pt x 652.4375pt>
File: ./figures/AR.jpg Graphic file (type jpg)
<use ./figures/AR.jpg>
Package pdftex.def Info: ./figures/AR.jpg  used on input line 32.
(pdftex.def)             Requested size: 166.87303pt x 163.10896pt.
<./figures/MR.jpg, id=482, 632.3625pt x 644.4075pt>
File: ./figures/MR.jpg Graphic file (type jpg)
<use ./figures/MR.jpg>
Package pdftex.def Info: ./figures/MR.jpg  used on input line 35.
(pdftex.def)             Requested size: 158.09024pt x 161.10147pt.
<./figures/VR.jpg, id=483, 640.3925pt x 648.4225pt>
File: ./figures/VR.jpg Graphic file (type jpg)
<use ./figures/VR.jpg>
Package pdftex.def Info: ./figures/VR.jpg  used on input line 38.
(pdftex.def)             Requested size: 160.09773pt x 162.10522pt.
 [8 <./figures/realityvirtual.jpg>]
Package microtype Info: Setting up font `T1/pxr/m/sc/12' on input line 45.
Package microtype Info: ... Loading protrusion list `ppl-sc-T1'.
Package microtype Info: ... : First loading protrusion list `ppl-T1'.
Package microtype Info: ... : First loading protrusion list `ppl-default'.
Package microtype Info: ... Applying non-selected expansion (list `default').

Underfull \hbox (badness 4967) in paragraph at lines 46--46
[][][]\T1/pxr/m/n/10 (+20) Bushra Mah-mood, ^^PA Quick Guide to De-sign-ing for
 Aug-mented Re-al-ity on
 []


Underfull \hbox (badness 3792) in paragraph at lines 46--46
\T1/pxr/m/n/10 (+20) Mo-bile (Part 3),^^Q Medium, Febru-ary 3, 2019, [][]$\T1/p
xtt/m/n/10 (+20) https : / / medium . com / @goatsandbacon /
 []

[9 <./figures/AR.jpg> <./figures/MR.jpg> <./figures/VR.jpg>]
<./figures/hololens.jpg, id=506, 542.025pt x 304.88907pt>
File: ./figures/hololens.jpg Graphic file (type jpg)
<use ./figures/hololens.jpg>
Package pdftex.def Info: ./figures/hololens.jpg  used on input line 62.
(pdftex.def)             Requested size: 433.62057pt x 243.91158pt.
<./figures/optical.jpg, id=507, 132.495pt x 83.5923pt>
File: ./figures/optical.jpg Graphic file (type jpg)
<use ./figures/optical.jpg>
Package pdftex.def Info: ./figures/optical.jpg  used on input line 74.
(pdftex.def)             Requested size: 264.98932pt x 167.18414pt.
 [10] [11 <./figures/hololens.jpg> <./figures/optical.jpg>]
<./figures/video.jpg, id=531, 132.495pt x 79.7379pt>
File: ./figures/video.jpg Graphic file (type jpg)
<use ./figures/video.jpg>
Package pdftex.def Info: ./figures/video.jpg  used on input line 88.
(pdftex.def)             Requested size: 264.98932pt x 159.4754pt.
<./figures/lookingglass.jpg, id=534, 481.8pt x 271.0125pt>
File: ./figures/lookingglass.jpg Graphic file (type jpg)
<use ./figures/lookingglass.jpg>
Package pdftex.def Info: ./figures/lookingglass.jpg  used on input line 106.
(pdftex.def)             Requested size: 433.61598pt x 243.90898pt.

Underfull \hbox (badness 10000) in paragraph at lines 109--109
[][][]\T1/pxr/m/n/10 (+20) Looking Class Fac-tory, ^^PIn-tro-duc-ing The Look-i
ng Glass: A New,
 []


Underfull \hbox (badness 10000) in paragraph at lines 109--109
\T1/pxr/m/n/10 (+20) In-ter-ac-tive Holo-graphic Dis-play,^^Q \T1/pxr/m/it/10 (
+20) Look-ing Glass Fac-tory Blog \T1/pxr/m/n/10 (+20) (blog),
 []


Underfull \hbox (badness 10000) in paragraph at lines 109--109
\T1/pxr/m/n/10 (+20) July 24, 2018, [][]$\T1/pxtt/m/n/10 (+20) https : / / blog
 . lookingglassfactory . com / announcements /
 []

[12 <./figures/video.jpg>]
<./figures/hud.jpg, id=549, 1204.5pt x 803.0pt>
File: ./figures/hud.jpg Graphic file (type jpg)
<use ./figures/hud.jpg>
Package pdftex.def Info: ./figures/hud.jpg  used on input line 120.
(pdftex.def)             Requested size: 421.58131pt x 281.05421pt.
 [13 <./figures/lookingglass.jpg>]
<./figures/eyedistance.jpg, id=562, 264.99pt x 91.7829pt>
File: ./figures/eyedistance.jpg Graphic file (type jpg)
<use ./figures/eyedistance.jpg>
Package pdftex.def Info: ./figures/eyedistance.jpg  used on input line 140.
(pdftex.def)             Requested size: 291.4899pt x 100.96149pt.
 [14 <./figures/hud.jpg> <./figures/eyedistance.jpg>] [15]
<./figures/ar_pipeline.png, id=579, 440.3652pt x 89.133pt>
File: ./figures/ar_pipeline.png Graphic file (type png)
<use ./figures/ar_pipeline.png>
Package pdftex.def Info: ./figures/ar_pipeline.png  used on input line 160.
(pdftex.def)             Requested size: 308.25354pt x 62.39265pt.
<./figures/6dof.jpg, id=581, 401.5pt x 351.3125pt>
File: ./figures/6dof.jpg Graphic file (type jpg)
<use ./figures/6dof.jpg>
Package pdftex.def Info: ./figures/6dof.jpg  used on input line 172.
(pdftex.def)             Requested size: 240.90184pt x 210.78911pt.
 [16 <./figures/ar_pipeline.png> <./figures/6dof.jpg>] [17] [18] [19]
<./figures/markerbased.png, id=624, 433.1382pt x 252.945pt>
File: ./figures/markerbased.png Graphic file (type png)
<use ./figures/markerbased.png>
Package pdftex.def Info: ./figures/markerbased.png  used on input line 224.
(pdftex.def)             Requested size: 303.19467pt x 177.06029pt.
<./figures/quadrilateralfitting.jpg, id=627, 264.99pt x 68.8974pt>
File: ./figures/quadrilateralfitting.jpg Graphic file (type jpg)
<use ./figures/quadrilateralfitting.jpg>
Package pdftex.def Info: ./figures/quadrilateralfitting.jpg  used on input line
 238.
(pdftex.def)             Requested size: 344.48695pt x 89.56659pt.
 [20 <./figures/markerbased.png>]
Package microtype Info: Setting up font `T1/pxr/m/it/7' on input line 245.
Package microtype Info: ... Loading protrusion list `ppl-it-T1'.
Package microtype Info: ... : First loading protrusion list `ppl-it'.
Package microtype Info: ... Applying non-selected expansion (list `default').
Package microtype Info: Setting up font `T1/pxr/m/it/5' on input line 245.
Package microtype Info: ... Loading protrusion list `ppl-it-T1'.
Package microtype Info: ... : First loading protrusion list `ppl-it'.
Package microtype Info: ... Applying non-selected expansion (list `default').
 [21 <./figures/quadrilateralfitting.jpg>]
<./figures/natural_feature_pipeline.jpg, id=653, 436.63126pt x 68.255pt>
File: ./figures/natural_feature_pipeline.jpg Graphic file (type jpg)
<use ./figures/natural_feature_pipeline.jpg>
Package pdftex.def Info: ./figures/natural_feature_pipeline.jpg  used on input 
line 263.
(pdftex.def)             Requested size: 436.63019pt x 68.25482pt.

Overfull \hbox (3.01018pt too wide) in paragraph at lines 263--263
 [] 
 []

<./figures/harris_corner.jpg, id=656, 1114.1625pt x 491.8375pt>
File: ./figures/harris_corner.jpg Graphic file (type jpg)
<use ./figures/harris_corner.jpg>
Package pdftex.def Info: ./figures/harris_corner.jpg  used on input line 278.
(pdftex.def)             Requested size: 389.96272pt x 172.14569pt.
[22 <./figures/natural_feature_pipeline.jpg>]
<./figures/fast.jpg, id=666, 444.66125pt x 216.81pt>
File: ./figures/fast.jpg Graphic file (type jpg)
<use ./figures/fast.jpg>
Package pdftex.def Info: ./figures/fast.jpg  used on input line 297.
(pdftex.def)             Requested size: 377.96384pt x 184.28935pt.
 [23 <./figures/harris_corner.jpg>]
Package microtype Info: Setting up font `T1/pxr/m/n/5' on input line 301.
Package microtype Info: ... Loading protrusion list `ppl-T1'.
Package microtype Info: ... : First loading protrusion list `ppl-default'.
Package microtype Info: ... Applying non-selected expansion (list `default').
Package microtype Info: Setting up font `T1/pxr/bx/n/9' on input line 301.
Package microtype Info: ... Loading protrusion list `ppl-T1'.
Package microtype Info: ... : First loading protrusion list `ppl-default'.
Package microtype Info: ... Applying non-selected expansion (list `default').
Package microtype Info: Setting up font `OT1/pxr/m/n/9' on input line 301.
Package microtype Info: ... Loading protrusion list `ppl-default'.
Package microtype Info: ... Applying non-selected expansion (list `default').
Package microtype Info: Setting up font `OT1/pxr/m/n/6' on input line 301.
Package microtype Info: ... Loading protrusion list `ppl-default'.
Package microtype Info: ... Applying non-selected expansion (list `default').
Package microtype Info: Setting up font `OML/pxmi/m/it/9' on input line 301.
Package microtype Info: ... No protrusion.
Package microtype Info: ... No expansion.
Package microtype Info: Setting up font `OML/pxmi/m/it/6' on input line 301.
Package microtype Info: ... No protrusion.
Package microtype Info: ... No expansion.
Package microtype Info: Setting up font `OMS/pxsy/m/n/9' on input line 301.
Package microtype Info: ... No protrusion.
Package microtype Info: ... No expansion.
Package microtype Info: Setting up font `OMS/pxsy/m/n/6' on input line 301.
Package microtype Info: ... No protrusion.
Package microtype Info: ... No expansion.
Package microtype Info: Setting up font `OMX/pxex/m/n/9' on input line 301.
Package microtype Info: ... No protrusion.
Package microtype Info: ... No expansion.
Package microtype Info: Setting up font `OMX/pxex/m/n/6' on input line 301.
Package microtype Info: ... No protrusion.
Package microtype Info: ... No expansion.
Package microtype Info: Setting up font `U/pxsya/m/n/9' on input line 301.
Package microtype Info: ... No protrusion.
Package microtype Info: ... No expansion.
Package microtype Info: Setting up font `U/pxsya/m/n/6' on input line 301.
Package microtype Info: ... No protrusion.
Package microtype Info: ... No expansion.
Package microtype Info: Setting up font `U/pxsyb/m/n/9' on input line 301.
Package microtype Info: ... No protrusion.
Package microtype Info: ... No expansion.
Package microtype Info: Setting up font `U/pxsyb/m/n/6' on input line 301.
Package microtype Info: ... No protrusion.
Package microtype Info: ... No expansion.
Package microtype Info: Setting up font `OT1/pxr/m/it/9' on input line 301.
Package microtype Info: ... Loading protrusion list `ppl-it'.
Package microtype Info: ... Applying non-selected expansion (list `default').
Package microtype Info: Setting up font `OT1/pxr/m/it/6' on input line 301.
Package microtype Info: ... Loading protrusion list `ppl-it'.
Package microtype Info: ... Applying non-selected expansion (list `default').
Package microtype Info: Setting up font `U/pxmia/m/it/9' on input line 301.
Package microtype Info: ... No protrusion.
Package microtype Info: ... No expansion.
Package microtype Info: Setting up font `U/pxmia/m/it/6' on input line 301.
Package microtype Info: ... No protrusion.
Package microtype Info: ... No expansion.
Package microtype Info: Setting up font `U/pxsyc/m/n/9' on input line 301.
Package microtype Info: ... No protrusion.
Package microtype Info: ... No expansion.
Package microtype Info: Setting up font `U/pxsyc/m/n/6' on input line 301.
Package microtype Info: ... No protrusion.
Package microtype Info: ... No expansion.
Package microtype Info: Setting up font `U/pxexa/m/n/9' on input line 301.
Package microtype Info: ... No protrusion.
Package microtype Info: ... No expansion.
Package microtype Info: Setting up font `U/pxexa/m/n/6' on input line 301.
Package microtype Info: ... No protrusion.
Package microtype Info: ... No expansion.
Package microtype Info: Setting up font `T1/pxr/m/it/9' on input line 310.
Package microtype Info: ... Loading protrusion list `ppl-it-T1'.
Package microtype Info: ... : First loading protrusion list `ppl-it'.
Package microtype Info: ... Applying non-selected expansion (list `default').
 [24 <./figures/fast.jpg>] [25]
LaTeX Font Info:    Font shape `OMS/pxr/m/n' in size <9> not available
(Font)              Font shape `OMS/pxsy/m/n' tried instead on input line 329.
 [26]

LaTeX Warning: Reference `point' on page 27 undefined on input line 375.

[27]
<./figures/pointcloud.png, id=745, 1302.8675pt x 631.35875pt>
File: ./figures/pointcloud.png Graphic file (type png)
<use ./figures/pointcloud.png>
Package pdftex.def Info: ./figures/pointcloud.png  used on input line 386.
(pdftex.def)             Requested size: 390.86327pt x 189.40909pt.
 [28 <./figures/pointcloud.png>] [29]
<./figures/fillmore.png, id=763, 1323.94624pt x 722.7pt>
File: ./figures/fillmore.png Graphic file (type png)
<use ./figures/fillmore.png>
Package pdftex.def Info: ./figures/fillmore.png  used on input line 417.
(pdftex.def)             Requested size: 397.18694pt x 216.81166pt.
<./figures/englandoriginals.jpg, id=764, 2569.6pt x 1606.0pt>
File: ./figures/englandoriginals.jpg Graphic file (type jpg)
<use ./figures/englandoriginals.jpg>
Package pdftex.def Info: ./figures/englandoriginals.jpg  used on input line 429
.
(pdftex.def)             Requested size: 385.42337pt x 240.8896pt.
) (./chapters/chapter2.tex [30]
[31 <./figures/fillmore.png> <./figures/englandoriginals.jpg>]
Chapter 3.
<./figures/targets.jpg, id=780, 795.97375pt x 542.025pt>
File: ./figures/targets.jpg Graphic file (type jpg)
<use ./figures/targets.jpg>
Package pdftex.def Info: ./figures/targets.jpg  used on input line 17.
(pdftex.def)             Requested size: 238.79396pt x 162.60875pt.
[32

]
<./figures/teapot.jpg, id=787, 602.25pt x 361.35pt>
File: ./figures/teapot.jpg Graphic file (type jpg)
<use ./figures/teapot.jpg>
Package pdftex.def Info: ./figures/teapot.jpg  used on input line 34.
(pdftex.def)             Requested size: 301.12425pt x 180.67456pt.
<./figures/cuboid.jpg, id=788, 401.5pt x 401.5pt>
File: ./figures/cuboid.jpg Graphic file (type jpg)
<use ./figures/cuboid.jpg>
Package pdftex.def Info: ./figures/cuboid.jpg  used on input line 46.
(pdftex.def)             Requested size: 200.7495pt x 200.7495pt.
 [33 <./figures/targets.jpg> <./figures/teapot.jpg>]
<./figures/object_scanner.jpg, id=796, 578.16pt x 325.215pt>
File: ./figures/object_scanner.jpg Graphic file (type jpg)
<use ./figures/object_scanner.jpg>
Package pdftex.def Info: ./figures/object_scanner.jpg  used on input line 70.
(pdftex.def)             Requested size: 289.07928pt x 162.6071pt.
<./figures/vumark.png, id=797, 113.9895pt x 55.188pt>
File: ./figures/vumark.png Graphic file (type png)
<use ./figures/vumark.png>
Package pdftex.def Info: ./figures/vumark.png  used on input line 84.
(pdftex.def)             Requested size: 113.98921pt x 55.18785pt.
 [34 <./figures/cuboid.jpg> <./figures/object_scanner.jpg>]
<./figures/guideview.jpg, id=807, 306.14375pt x 544.0325pt>
File: ./figures/guideview.jpg Graphic file (type jpg)
<use ./figures/guideview.jpg>
Package pdftex.def Info: ./figures/guideview.jpg  used on input line 102.
(pdftex.def)             Requested size: 153.07149pt x 272.01558pt.
 [35 <./figures/vumark.png> <./figures/guideview.jpg>]
<./figures/vuforia.png, id=816, 1365.1pt x 861.2175pt>
File: ./figures/vuforia.png Graphic file (type png)
<use ./figures/vuforia.png>
Package pdftex.def Info: ./figures/vuforia.png  used on input line 127.
(pdftex.def)             Requested size: 436.84093pt x 275.59523pt.

Overfull \hbox (3.22092pt too wide) in paragraph at lines 127--127
 [] 
 []

[36] [37 <./figures/vuforia.png>]
<./figures/vuforiamenu.png, id=830, 1151.30125pt x 510.90875pt>
File: ./figures/vuforiamenu.png Graphic file (type png)
<use ./figures/vuforiamenu.png>
Package pdftex.def Info: ./figures/vuforiamenu.png  used on input line 148.
(pdftex.def)             Requested size: 402.96149pt x 178.82074pt.
 [38 <./figures/vuforiamenu.png>]
<./figures/5star.jpg, id=842, 642.4pt x 436.63126pt>
File: ./figures/5star.jpg Graphic file (type jpg)
<use ./figures/5star.jpg>
Package pdftex.def Info: ./figures/5star.jpg  used on input line 156.
(pdftex.def)             Requested size: 192.72148pt x 130.99039pt.
<./figures/0star.jpg, id=843, 578.16pt x 487.3407pt>
File: ./figures/0star.jpg Graphic file (type jpg)
<use ./figures/0star.jpg>
Package pdftex.def Info: ./figures/0star.jpg  used on input line 159.
(pdftex.def)             Requested size: 173.44933pt x 146.20334pt.
<./figures/feature_5star.png, id=844, 321.2pt x 217.81375pt>
File: ./figures/feature_5star.png Graphic file (type png)
<use ./figures/feature_5star.png>
Package pdftex.def Info: ./figures/feature_5star.png  used on input line 166.
(pdftex.def)             Requested size: 183.0859pt x 124.1551pt.
<./figures/feature_0star.png, id=845, 321.2pt x 270.00874pt>
File: ./figures/feature_0star.png Graphic file (type png)
<use ./figures/feature_0star.png>
Package pdftex.def Info: ./figures/feature_0star.png  used on input line 169.
(pdftex.def)             Requested size: 183.0859pt x 153.90657pt.
 [39 <./figures/5star.jpg> <./figures/0star.jpg> <./figures/feature_5star.png (
PNG copy)> <./figures/feature_0star.png (PNG copy)>]
<./figures/map_2005.jpg, id=859, 508.0581pt x 578.16pt>
File: ./figures/map_2005.jpg Graphic file (type jpg)
<use ./figures/map_2005.jpg>
Package pdftex.def Info: ./figures/map_2005.jpg  used on input line 178.
(pdftex.def)             Requested size: 203.21964pt x 231.2599pt.
<./figures/improve1.jpg, id=860, 2116.90875pt x 2409.0pt>
File: ./figures/improve1.jpg Graphic file (type jpg)
<use ./figures/improve1.jpg>
Package pdftex.def Info: ./figures/improve1.jpg  used on input line 181.
(pdftex.def)             Requested size: 190.51357pt x 216.80064pt.
<./figures/improve2.png, id=861, 606.265pt x 792.9625pt>
File: ./figures/improve2.png Graphic file (type png)
<use ./figures/improve2.png>
Package pdftex.def Info: ./figures/improve2.png  used on input line 183.
(pdftex.def)             Requested size: 181.8809pt x 237.89058pt.

Underfull \hbox (badness 10000) in paragraph at lines 183--183
[]\T1/pxr/m/n/10 (+20) (c) Af-ter in-creas-ing fore-ground/back-
 []

<./figures/obj_scanner_target.jpg, id=863, 1284.8pt x 908.39375pt>
File: ./figures/obj_scanner_target.jpg Graphic file (type jpg)
<use ./figures/obj_scanner_target.jpg>
Package pdftex.def Info: ./figures/obj_scanner_target.jpg  used on input line 1
99.
(pdftex.def)             Requested size: 385.44298pt x 272.52023pt.
<./figures/lipstick_scan.jpg, id=864, 2569.6pt x 1606.0pt>
File: ./figures/lipstick_scan.jpg Graphic file (type jpg)
<use ./figures/lipstick_scan.jpg>
Package pdftex.def Info: ./figures/lipstick_scan.jpg  used on input line 211.
(pdftex.def)             Requested size: 385.42337pt x 240.8896pt.
[40] [41 <./figures/map_2005.jpg> <./figures/improve1.jpg> <./figures/improve2.
png>] [42 <./figures/obj_scanner_target.jpg> <./figures/lipstick_scan.jpg>])
(./chapters/chapter3.tex [43]
Chapter 4.
LaTeX Font Info:    Font shape `T5/pxr/m/it' in size <10> not available
(Font)              Font shape `T5/ppl/m/it' tried instead on input line 4.
Package microtype Info: Setting up font `T5/ppl/m/it/10' on input line 4.

Package microtype Warning: I cannot find a protrusion list for font
(microtype)                `T5/ppl/m/it/10'. Switching off
(microtype)                protrusion for this font on input line 4.

Package microtype Info: ... Applying non-selected expansion (list `T5').
[44

]
LaTeX Font Info:    Trying to load font information for T5+pxtt on input line 1
1.
LaTeX Font Info:    No file T5pxtt.fd. on input line 11.


LaTeX Font Warning: Font shape `T5/pxtt/m/n' undefined
(Font)              using `T5/cmr/m/n' instead on input line 11.

Package microtype Info: ... Loading configuration file mt-cmr.cfg.
(/usr/local/texlive/2019basic/texmf-dist/tex/latex/microtype/mt-cmr.cfg
File: mt-cmr.cfg 2013/05/19 v2.2 microtype config. file: Computer Modern Roman 
(RS)
)
Package microtype Info: Setting up font `T5/cmr/m/n/10' on input line 11.
Package microtype Info: ... Loading protrusion list `cmr-T5'.
Package microtype Info: ... : First loading protrusion list `cmr-default'.
Package microtype Info: ... Applying non-selected expansion (list `T5').

[45]
LaTeX Font Info:    Font shape `T5/pxr/m/n' in size <7> not available
(Font)              Font shape `T5/ppl/m/n' tried instead on input line 13.
Package microtype Info: Setting up font `T5/ppl/m/n/7' on input line 13.


Package microtype Warning: I cannot find a protrusion list for font
(microtype)                `T5/ppl/m/n/7'. Switching off
(microtype)                protrusion for this font on input line 13.

Package microtype Info: ... Applying non-selected expansion (list `T5').
[46]
<./figures/map_1815.jpg, id=935, 1806.75pt x 1333.98375pt>
File: ./figures/map_1815.jpg Graphic file (type jpg)
<use ./figures/map_1815.jpg>
Package pdftex.def Info: ./figures/map_1815.jpg  used on input line 33.
(pdftex.def)             Requested size: 433.62886pt x 320.16264pt.
 [47]
<./figures/map_1898.jpg, id=952, 2409.0pt x 2200.22pt>
File: ./figures/map_1898.jpg Graphic file (type jpg)
<use ./figures/map_1898.jpg>
Package pdftex.def Info: ./figures/map_1898.jpg  used on input line 50.
(pdftex.def)             Requested size: 433.6013pt x 396.02252pt.
 [48 <./figures/map_1815.jpg>] [49 <./figures/map_1898.jpg>]
<./figures/map_1961_1.jpg, id=970, 1245.9348pt x 1802.8956pt>
File: ./figures/map_1961_1.jpg Graphic file (type jpg)
<use ./figures/map_1961_1.jpg>
Package pdftex.def Info: ./figures/map_1961_1.jpg  used on input line 62.
(pdftex.def)             Requested size: 199.35364pt x 288.4692pt.
<./figures/map_1961_2.jpg, id=971, 1247.1393pt x 1805.7864pt>
File: ./figures/map_1961_2.jpg Graphic file (type jpg)
<use ./figures/map_1961_2.jpg>
Package pdftex.def Info: ./figures/map_1961_2.jpg  used on input line 65.
(pdftex.def)             Requested size: 199.54636pt x 288.93173pt.
File: ./figures/map_2005.jpg Graphic file (type jpg)
<use ./figures/map_2005.jpg>
Package pdftex.def Info: ./figures/map_2005.jpg  used on input line 80.
(pdftex.def)             Requested size: 431.85143pt x 491.43832pt.
Package microtype Info: Setting up font `T5/pxtt/m/n/10' on input line 84.


Package microtype Warning: I cannot find a protrusion list for font
(microtype)                `T5/pxtt/m/n/10'. Switching off
(microtype)                protrusion for this font on input line 84.

Package microtype Info: ... Applying non-selected expansion (list `T5').
[50]
Underfull \hbox (badness 10000) in paragraph at lines 87--87
[][][]\T5/ppl/m/n/10 (+20) Bo tng Thnh ph H Ch Minh, ^^PSi Gn - Thnh P
h H Ch Minh:
 []


Underfull \hbox (badness 10000) in paragraph at lines 87--87
\T5/ppl/m/n/10 (+20) Thng Cng, Thng Mi - Dch V,^^Q Bo tng Thnh ph H
 Ch Minh,
 []


Underfull \hbox (badness 10000) in paragraph at lines 87--87
\T5/ppl/m/n/10 (+20) ac-cessed Novem-ber 28, 2019, [][]$\T5/pxtt/m/n/10 (+20) h
ttp : / / www . hcmc-[]museum . edu . vn / en-[]us / store /
 []

[51 <./figures/map_1961_1.jpg> <./figures/map_1961_2.jpg>] [52]
<./figures/river_bend.jpg, id=1006, 338.26375pt x 284.06125pt>
File: ./figures/river_bend.jpg Graphic file (type jpg)
<use ./figures/river_bend.jpg>
Package pdftex.def Info: ./figures/river_bend.jpg  used on input line 91.
(pdftex.def)             Requested size: 202.95981pt x 170.43805pt.
<./figures/citadel.jpg, id=1009, 185.69376pt x 134.5025pt>
File: ./figures/citadel.jpg Graphic file (type jpg)
<use ./figures/citadel.jpg>
Package pdftex.def Info: ./figures/citadel.jpg  used on input line 100.
(pdftex.def)             Requested size: 185.6933pt x 134.50215pt.
 [53 <./figures/river_bend.jpg>] [54 <./figures/citadel.jpg>]
<./figures/boulevard_charner.jpg, id=1035, 333.245pt x 322.20375pt>
File: ./figures/boulevard_charner.jpg Graphic file (type jpg)
<use ./figures/boulevard_charner.jpg>
Package pdftex.def Info: ./figures/boulevard_charner.jpg  used on input line 11
2.
(pdftex.def)             Requested size: 199.94853pt x 193.32373pt.
 [55 <./figures/boulevard_charner.jpg>]
<./figures/saigon_bridges.jpg, id=1057, 698.61pt x 692.5875pt>
File: ./figures/saigon_bridges.jpg Graphic file (type jpg)
<use ./figures/saigon_bridges.jpg>
Package pdftex.def Info: ./figures/saigon_bridges.jpg  used on input line 125.
(pdftex.def)             Requested size: 279.43904pt x 277.03009pt.
 [56]
Underfull \hbox (badness 1521) in paragraph at lines 128--130
\T5/ppl/m/n/10 (+20) tral to the city's liveli-hood.
 []


Underfull \hbox (badness 10000) in paragraph at lines 131--131
[][][]\T5/ppl/m/n/10 (+20) Vn Hin, ^^PBi 3: Ci To Knh Nhiu Lc ^^U Th N
gh: `Cng Trnh Th
 []


Underfull \hbox (badness 10000) in paragraph at lines 131--131
\T5/ppl/m/n/10 (+20) K^^[' Ca TP. H Ch Minh,^^Q \T5/ppl/m/it/10 (+20) Bo M
i\T5/ppl/m/n/10 (+20) , Jan-uary 31, 2018, [][]$\T5/pxtt/m/n/10 (+20) https : /
 / baomoi . com /
 []

[57 <./figures/saigon_bridges.jpg>]
<./figures/comm_lines.jpg, id=1085, 1201.48875pt x 703.62875pt>
File: ./figures/comm_lines.jpg Graphic file (type jpg)
<use ./figures/comm_lines.jpg>
Package pdftex.def Info: ./figures/comm_lines.jpg  used on input line 149.
(pdftex.def)             Requested size: 432.53563pt x 253.30615pt.

Underfull \hbox (badness 10000) in paragraph at lines 153--153
[][][]\T5/ppl/m/n/10 (+20) Trung Sn, ^^PNhng Con ^^^ng Thin L ^^^u Tin 
Ca Vng ^^^t
 []


Underfull \hbox (badness 10000) in paragraph at lines 153--153
\T5/ppl/m/n/10 (+20) Si Gn,^^Q \T5/ppl/m/it/10 (+20) Vn-Ex-press\T5/ppl/m/n/1
0 (+20) , Septem-ber 5, 2017, [][]$\T5/pxtt/m/n/10 (+20) https : / / vnexpress 
. net / thoi-[]su /
 []

[58] [59 <./figures/comm_lines.jpg>] [60] [61] [62] [63]
<./figures/app_map.jpg, id=1154, 1606.0pt x 2569.6pt>
File: ./figures/app_map.jpg Graphic file (type jpg)
<use ./figures/app_map.jpg>
Package pdftex.def Info: ./figures/app_map.jpg  used on input line 187.
(pdftex.def)             Requested size: 256.96526pt x 411.14441pt.
 [64 <./figures/app_map.jpg>]) (./chapters/chapter4.tex [65]
Chapter 5.
[66

]

Package hyperref Warning: Token not allowed in a PDF string (PDFDocEncoding):
(hyperref)                removing `\<let>-command' on input line 9.


Package hyperref Warning: Token not allowed in a PDF string (PDFDocEncoding):
(hyperref)                removing `\bbl@hymapsel' on input line 9.


Package hyperref Warning: Token not allowed in a PDF string (PDFDocEncoding):
(hyperref)                removing `\tw@' on input line 9.


Package hyperref Warning: Token not allowed in a PDF string (PDFDocEncoding):
(hyperref)                removing `\<def>-command' on input line 9.


Package hyperref Warning: Token not allowed in a PDF string (PDFDocEncoding):
(hyperref)                removing `\bbl@language@stack' on input line 9.


Package hyperref Warning: Token not allowed in a PDF string (PDFDocEncoding):
(hyperref)                removing `\aftergroup' on input line 9.


Package hyperref Warning: Token not allowed in a PDF string (PDFDocEncoding):
(hyperref)                removing `\<def>-command' on input line 9.


Package hyperref Warning: Token not allowed in a PDF string (PDFDocEncoding):
(hyperref)                removing `\languagename' on input line 9.


Package hyperref Warning: Token not allowed in a PDF string (PDFDocEncoding):
(hyperref)                removing `\<def>-command' on input line 9.


Package hyperref Warning: Token not allowed in a PDF string (PDFDocEncoding):
(hyperref)                removing `\bbl@language@stack' on input line 9.


Package hyperref Warning: Token not allowed in a PDF string (PDFDocEncoding):
(hyperref)                removing `\<let>-command' on input line 9.


Package hyperref Warning: Token not allowed in a PDF string (PDFDocEncoding):
(hyperref)                removing `\bbl@ifrestoring' on input line 9.


Package hyperref Warning: Token not allowed in a PDF string (PDFDocEncoding):
(hyperref)                removing `\<let>-command' on input line 9.


Package hyperref Warning: Token not allowed in a PDF string (PDFDocEncoding):
(hyperref)                removing `\bbl@ifrestoring' on input line 9.


Package hyperref Warning: Composite letter `\textdotbelow+\acircumflex'
(hyperref)                not defined in PD1 encoding,
(hyperref)                removing `\textdotbelow' on input line 9.


Package hyperref Warning: Glyph not defined in PD1 encoding,
(hyperref)                removing `\acircumflex' on input line 9.


Underfull \hbox (badness 10000) in paragraph at lines 11--11
[][][]\T5/ppl/m/n/10 (+20) https://thanhnien.vn/du-lich/nguoi-sai-gon-ru-nhau-d
i-chua-ba-cho-lon-dau-nam-moi-
 []

<./figures/temple_1800.jpg, id=1170, 694.595pt x 501.875pt>
File: ./figures/temple_1800.jpg Graphic file (type jpg)
<use ./figures/temple_1800.jpg>
Package pdftex.def Info: ./figures/temple_1800.jpg  used on input line 16.
(pdftex.def)             Requested size: 416.76022pt x 301.12732pt.
[67] [68 <./figures/temple_1800.jpg>]
<./figures/temple.jpg, id=1180, 4239.84pt x 2384.91pt>
File: ./figures/temple.jpg Graphic file (type jpg)
<use ./figures/temple.jpg>
Package pdftex.def Info: ./figures/temple.jpg  used on input line 35.
(pdftex.def)             Requested size: 424.00883pt x 238.50497pt.
 [69] [70 <./figures/temple.jpg>] [71]
[72]
<./figures/cathedral_1890.jpg, id=1200, 916.42375pt x 1023.825pt>
File: ./figures/cathedral_1890.jpg Graphic file (type jpg)
<use ./figures/cathedral_1890.jpg>
Package pdftex.def Info: ./figures/cathedral_1890.jpg  used on input line 77.
(pdftex.def)             Requested size: 274.92924pt x 307.14987pt.
 [73]
<./figures/statue_pigneau.jpg, id=1206, 576.65437pt x 666.23906pt>
File: ./figures/statue_pigneau.jpg Graphic file (type jpg)
<use ./figures/statue_pigneau.jpg>
Package pdftex.def Info: ./figures/statue_pigneau.jpg  used on input line 90.
(pdftex.def)             Requested size: 288.32648pt x 333.11871pt.
 [74 <./figures/cathedral_1890.jpg>] [75 <./figures/statue_pigneau.jpg>]
<./figures/cathedral_today.jpg, id=1217, 1204.5pt x 803.0pt>
File: ./figures/cathedral_today.jpg Graphic file (type jpg)
<use ./figures/cathedral_today.jpg>
Package pdftex.def Info: ./figures/cathedral_today.jpg  used on input line 108.

(pdftex.def)             Requested size: 361.35278pt x 240.90186pt.
 [76] [77 <./figures/cathedral_today.jpg>]
<./figures/chinese.jpg, id=1228, 600.2425pt x 481.8pt>
File: ./figures/chinese.jpg Graphic file (type jpg)
<use ./figures/chinese.jpg>
Package pdftex.def Info: ./figures/chinese.jpg  used on input line 124.
(pdftex.def)             Requested size: 360.14827pt x 289.08221pt.
 [78]
<./figures/ky-uc.jpg, id=1234, 1606.0pt x 1000.73875pt>
File: ./figures/ky-uc.jpg Graphic file (type jpg)
<use ./figures/ky-uc.jpg>
Package pdftex.def Info: ./figures/ky-uc.jpg  used on input line 137.
(pdftex.def)             Requested size: 401.49902pt x 250.18408pt.
 [79 <./figures/chinese.jpg>]
[80 <./figures/ky-uc.jpg>]
<./figures/bitexco.jpg, id=1244, 1606.0pt x 894.34125pt>
File: ./figures/bitexco.jpg Graphic file (type jpg)
<use ./figures/bitexco.jpg>
Package pdftex.def Info: ./figures/bitexco.jpg  used on input line 154.
(pdftex.def)             Requested size: 401.49902pt x 223.58476pt.
 [81] [82 <./figures/bitexco.jpg>] [83]) [84]
[85] (./appendices/timeline.tex
LaTeX Font Info:    Font shape `T5/pxr/m/sc' in size <20> not available
(Font)              Font shape `T5/ppl/m/sc' tried instead on input line 2.
Package microtype Info: Setting up font `T5/ppl/m/sc/20' on input line 2.


Package microtype Warning: I cannot find a protrusion list for font
(microtype)                `T5/ppl/m/sc/20'. Switching off
(microtype)                protrusion for this font on input line 2.

Package microtype Info: ... Applying non-selected expansion (list `T5').
) (./username.bbl
No file username.brf.
\tf@brf=\write10
\openout10 = `username.brf'.

[86


] [87

] [88] [89] [90] [91] [92]) [93]
No file username.ind.
[94


]
Package atveryend Info: Empty hook `BeforeClearDocument' on input line 252.
Package atveryend Info: Empty hook `AfterLastShipout' on input line 252.
 (./username.aux

Package natbib Warning: Citation(s) may have changed.
(natbib)                Rerun to get citations correct.

)
Package atveryend Info: Executing hook `AtVeryEndDocument' on input line 252.
Package atveryend Info: Executing hook `AtEndAfterFileList' on input line 252.


Package rerunfilecheck Warning: File `username.out' has changed.
(rerunfilecheck)                Rerun to get outlines right
(rerunfilecheck)                or use package `bookmark'.

Package rerunfilecheck Info: Checksums for `username.out':
(rerunfilecheck)             Before: 3F36C7A818250C843F1B30C9FBF850F2;3170
(rerunfilecheck)             After:  5E7230C824652E370516B5184A5101A3;3218.

Package rerunfilecheck Warning: File `username.brf' has changed.
(rerunfilecheck)                Rerun to get bibliographical references right.

Package rerunfilecheck Info: Checksums for `username.brf':
(rerunfilecheck)             Before: <no file>
(rerunfilecheck)             After:  D41D8CD98F00B204E9800998ECF8427E;0.

LaTeX Font Warning: Some font shapes were not available, defaults substituted.


LaTeX Warning: There were undefined references.


LaTeX Warning: There were multiply-defined labels.

Package atveryend Info: Empty hook `AtVeryVeryEnd' on input line 252.
 ) 
Here is how much of TeX's memory you used:
 17851 strings out of 493610
 255067 string characters out of 6159292
 600051 words of memory out of 5000000
 20408 multiletter control sequences out of 15000+600000
 129701 words of font info for 607 fonts, out of 8000000 for 9000
 319 hyphenation exceptions out of 8191
 46i,13n,49p,2394b,1927s stack positions out of 5000i,500n,10000p,200000b,80000s
pdfTeX warning (dest): name{section*.57} has been referenced but does not exi
st, replaced by a fixed one

{/usr/local/texlive/2019basic/texmf-dist/fonts/enc/dvips/vntex/t5.enc}{/usr/loc
al/texlive/2019basic/texmf-dist/fonts/enc/dvips/base/8r.enc}</usr/local/texlive
/2019basic/texmf-dist/fonts/type1/public/pxfonts/pxex.pfb></usr/local/texlive/2
019basic/texmf-dist/fonts/type1/public/pxfonts/pxsy.pfb></usr/local/texlive/201
9basic/texmf-dist/fonts/type1/public/pxfonts/rpxi.pfb></usr/local/texlive/2019b
asic/texmf-dist/fonts/type1/public/pxfonts/rpxmi.pfb></usr/local/texlive/2019ba
sic/texmf-dist/fonts/type1/public/pxfonts/rpxr.pfb></usr/local/texlive/2019basi
c/texmf-dist/fonts/type1/public/pxfonts/rpxsc.pfb></usr/local/texlive/2019basic
/texmf-dist/fonts/type1/public/txfonts/t1xtt.pfb></usr/local/texlive/2019basic/
texmf-dist/fonts/type1/urw/palatino/uplb8a.pfb></usr/local/texlive/2019basic/te
xmf-dist/fonts/type1/urw/palatino/uplr8a.pfb></usr/local/texlive/2019basic/texm
f-dist/fonts/type1/urw/palatino/uplr8a.pfb></usr/local/texlive/2019basic/texmf-
dist/fonts/type1/vntex/urwvn/uplr8v.pfb></usr/local/texlive/2019basic/texmf-dis
t/fonts/type1/vntex/urwvn/uplr8v.pfb></usr/local/texlive/2019basic/texmf-dist/f
onts/type1/urw/palatino/uplri8a.pfb></usr/local/texlive/2019basic/texmf-dist/fo
nts/type1/vntex/urwvn/uplri8v.pfb></usr/local/texlive/2019basic/texmf-dist/font
s/type1/vntex/vnr/vnr10.pfb>
Output written on username.pdf (103 pages, 46296691 bytes).
PDF statistics:
 1500 PDF objects out of 1728 (max. 8388607)
 1290 compressed objects within 13 object streams
 438 named destinations out of 1000 (max. 500000)
 139931 words of extra memory for PDF output out of 154059 (max. 10000000)

