\BOOKMARK [0][]{section*.1}{Contents}{}% 1
\BOOKMARK [0][]{chapter*.3}{List of Figures}{}% 2
\BOOKMARK [0][]{chapter*.4}{List of Tables}{}% 3
\BOOKMARK [0][]{chapter*.5}{List of Listings}{}% 4
\BOOKMARK [0][]{chapter.1}{Introduction}{}% 5
\BOOKMARK [1][]{section.1.1}{Saigon in Min K\375 c}{chapter.1}% 6
\BOOKMARK [1][]{section.1.2}{Saigon in History}{chapter.1}% 7
\BOOKMARK [1][]{section.1.3}{Memory, Vietnam, and Ho Chi Minh City}{chapter.1}% 8
\BOOKMARK [1][]{section.1.4}{An Augmented Reality Urban History}{chapter.1}% 9
\BOOKMARK [0][]{chapter.2}{Augmented Reality}{}% 10
\BOOKMARK [1][]{section.2.1}{Spatial Computing}{chapter.2}% 11
\BOOKMARK [1][]{section.2.2}{AR Taxonomy}{chapter.2}% 12
\BOOKMARK [2][]{subsection.2.2.1}{Types of Displays}{section.2.2}% 13
\BOOKMARK [2][]{subsection.2.2.2}{Types of Devices}{section.2.2}% 14
\BOOKMARK [2][]{subsection.2.2.3}{Types of Tracking Technology}{section.2.2}% 15
\BOOKMARK [1][]{section.2.3}{AR Pipeline}{chapter.2}% 16
\BOOKMARK [2][]{subsection.2.3.1}{Tracking \046 Pose Determination: Simultaneous Localization and Mapping}{section.2.3}% 17
\BOOKMARK [1][]{section.2.4}{AR Tracking System}{chapter.2}% 18
\BOOKMARK [2][]{subsection.2.4.1}{Marker Detection}{section.2.4}% 19
\BOOKMARK [3][]{subsubsection.2.4.1.1}{Artificial Marker Detection}{subsection.2.4.1}% 20
\BOOKMARK [3][]{subsubsection.2.4.1.2}{Natural Feature Detection}{subsection.2.4.1}% 21
\BOOKMARK [1][]{section.2.5}{AR Development Platforms}{chapter.2}% 22
\BOOKMARK [2][]{subsection.2.5.1}{ARCore}{section.2.5}% 23
\BOOKMARK [2][]{subsection.2.5.2}{ARKit}{section.2.5}% 24
\BOOKMARK [2][]{subsection.2.5.3}{Vuforia}{section.2.5}% 25
\BOOKMARK [2][]{subsection.2.5.4}{Unity}{section.2.5}% 26
\BOOKMARK [1][]{section.2.6}{Augmented Reality \046 Digital Humanities}{chapter.2}% 27
\BOOKMARK [0][]{chapter.3}{Developing with Vuforia}{}% 28
\BOOKMARK [1][]{section.3.1}{Features}{chapter.3}% 29
\BOOKMARK [1][]{section.3.2}{Core Components}{chapter.3}% 30
\BOOKMARK [1][]{section.3.3}{Workflow}{chapter.3}% 31
\BOOKMARK [2][]{subsection.3.3.1}{Installation and Activation}{section.3.3}% 32
\BOOKMARK [2][]{subsection.3.3.2}{Creating Target Databases}{section.3.3}% 33
\BOOKMARK [2][]{subsection.3.3.3}{Creating a Scene}{section.3.3}% 34
\BOOKMARK [2][]{subsection.3.3.4}{Creating Augmented Contents}{section.3.3}% 35
\BOOKMARK [0][]{chapter.4}{The Urban Blueprints}{}% 36
\BOOKMARK [1][]{section.4.1}{Cartography in Pre-1800s Vietnam}{chapter.4}% 37
\BOOKMARK [1][]{section.4.2}{The Mapmakers of Saigon}{chapter.4}% 38
\BOOKMARK [1][]{section.4.3}{The Conquest of Water}{chapter.4}% 39
\BOOKMARK [1][]{section.4.4}{Imagining the City}{chapter.4}% 40
\BOOKMARK [1][]{section.4.5}{Ho Chi Minh City in Three Degrees of Historical Freedom}{chapter.4}% 41
\BOOKMARK [0][]{chapter.5}{Architectural Monumentality}{}% 42
\BOOKMARK [1][]{section.5.1}{vietnamesevietnameseThi\352n Hu Temple}{chapter.5}% 43
\BOOKMARK [1][]{section.5.2}{Notre-Dame Cathedral of Saigon}{chapter.5}% 44
\BOOKMARK [1][]{section.5.3}{Independence Palace}{chapter.5}% 45
\BOOKMARK [1][]{section.5.4}{Bitexco Financial Tower}{chapter.5}% 46
\BOOKMARK [0][]{appendix*.57}{References}{}% 47
\BOOKMARK [0][]{section*.58}{Index}{}% 48
