This is pdfTeX, Version 3.14159265-2.6-1.40.20 (TeX Live 2019) (preloaded format=pdflatex 2019.11.27)  27 NOV 2019 12:22
entering extended mode
 restricted \write18 enabled.
 file:line:error style messages enabled.
 %&-line parsing enabled.
**packages.tex
(./packages.tex
LaTeX2e <2019-10-01>
./packages.tex:9: Undefined control sequence.
l.9 \ifxetex
            %
? 
./packages.tex:9: Emergency stop.
l.9 \ifxetex
            %
End of file on the terminal!

 
Here is how much of TeX's memory you used:
 5 strings out of 493610
 131 string characters out of 6159292
 55281 words of memory out of 5000000
 4260 multiletter control sequences out of 15000+600000
 3640 words of font info for 14 fonts, out of 8000000 for 9000
 319 hyphenation exceptions out of 8191
 5i,0n,1p,138b,8s stack positions out of 5000i,500n,10000p,200000b,80000s
./packages.tex:9:  ==> Fatal error occurred, no output PDF file produced!
