This is pdfTeX, Version 3.14159265-2.6-1.40.20 (TeX Live 2019) (preloaded format=pdflatex 2019.11.27)  4 FEB 2020 13:29
entering extended mode
 restricted \write18 enabled.
 file:line:error style messages enabled.
 %&-line parsing enabled.
**personal.tex
(./personal.tex
LaTeX2e <2019-10-01>
\c@unnumft=\count80
./personal.tex:93: Undefined control sequence.
l.93 \graphicspath
                  {{./figures/}}% for setting where to look for figures
? 
./personal.tex:93: Emergency stop.
l.93 \graphicspath
                  {{./figures/}}% for setting where to look for figures
End of file on the terminal!

 
Here is how much of TeX's memory you used:
 31 strings out of 493610
 279 string characters out of 6159292
 55281 words of memory out of 5000000
 4286 multiletter control sequences out of 15000+600000
 3640 words of font info for 14 fonts, out of 8000000 for 9000
 319 hyphenation exceptions out of 8191
 9i,0n,15p,140b,8s stack positions out of 5000i,500n,10000p,200000b,80000s
./personal.tex:93:  ==> Fatal error occurred, no output PDF file produced!
